ARM GAS  /tmp/cc0w7cmu.s 			page 1


   1              		.syntax unified
   2              		.cpu cortex-m4
   3              		.eabi_attribute 27, 1
   4              		.eabi_attribute 28, 1
   5              		.fpu fpv4-sp-d16
   6              		.eabi_attribute 20, 1
   7              		.eabi_attribute 21, 1
   8              		.eabi_attribute 23, 3
   9              		.eabi_attribute 24, 1
  10              		.eabi_attribute 25, 1
  11              		.eabi_attribute 26, 1
  12              		.eabi_attribute 30, 1
  13              		.eabi_attribute 34, 1
  14              		.eabi_attribute 18, 4
  15              		.thumb
  16              		.syntax unified
  17              		.file	"stm32f3xx_hal_timebase_TIM.c"
  18              		.text
  19              	.Ltext0:
  20              		.cfi_sections	.debug_frame
  21              		.section	.text.HAL_InitTick,"ax",%progbits
  22              		.align	2
  23              		.global	HAL_InitTick
  24              		.thumb
  25              		.thumb_func
  27              	HAL_InitTick:
  28              	.LFB124:
  29              		.file 1 "Src/stm32f3xx_hal_timebase_TIM.c"
   1:Src/stm32f3xx_hal_timebase_TIM.c **** /**
   2:Src/stm32f3xx_hal_timebase_TIM.c ****   ******************************************************************************
   3:Src/stm32f3xx_hal_timebase_TIM.c ****   * @file    stm32f3xx_hal_timebase_TIM.c 
   4:Src/stm32f3xx_hal_timebase_TIM.c ****   * @brief   HAL time base based on the hardware TIM.
   5:Src/stm32f3xx_hal_timebase_TIM.c ****   ******************************************************************************
   6:Src/stm32f3xx_hal_timebase_TIM.c ****   * This notice applies to any and all portions of this file
   7:Src/stm32f3xx_hal_timebase_TIM.c ****   * that are not between comment pairs USER CODE BEGIN and
   8:Src/stm32f3xx_hal_timebase_TIM.c ****   * USER CODE END. Other portions of this file, whether 
   9:Src/stm32f3xx_hal_timebase_TIM.c ****   * inserted by the user or by software development tools
  10:Src/stm32f3xx_hal_timebase_TIM.c ****   * are owned by their respective copyright owners.
  11:Src/stm32f3xx_hal_timebase_TIM.c ****   *
  12:Src/stm32f3xx_hal_timebase_TIM.c ****   * Copyright (c) 2017 STMicroelectronics International N.V. 
  13:Src/stm32f3xx_hal_timebase_TIM.c ****   * All rights reserved.
  14:Src/stm32f3xx_hal_timebase_TIM.c ****   *
  15:Src/stm32f3xx_hal_timebase_TIM.c ****   * Redistribution and use in source and binary forms, with or without 
  16:Src/stm32f3xx_hal_timebase_TIM.c ****   * modification, are permitted, provided that the following conditions are met:
  17:Src/stm32f3xx_hal_timebase_TIM.c ****   *
  18:Src/stm32f3xx_hal_timebase_TIM.c ****   * 1. Redistribution of source code must retain the above copyright notice, 
  19:Src/stm32f3xx_hal_timebase_TIM.c ****   *    this list of conditions and the following disclaimer.
  20:Src/stm32f3xx_hal_timebase_TIM.c ****   * 2. Redistributions in binary form must reproduce the above copyright notice,
  21:Src/stm32f3xx_hal_timebase_TIM.c ****   *    this list of conditions and the following disclaimer in the documentation
  22:Src/stm32f3xx_hal_timebase_TIM.c ****   *    and/or other materials provided with the distribution.
  23:Src/stm32f3xx_hal_timebase_TIM.c ****   * 3. Neither the name of STMicroelectronics nor the names of other 
  24:Src/stm32f3xx_hal_timebase_TIM.c ****   *    contributors to this software may be used to endorse or promote products 
  25:Src/stm32f3xx_hal_timebase_TIM.c ****   *    derived from this software without specific written permission.
  26:Src/stm32f3xx_hal_timebase_TIM.c ****   * 4. This software, including modifications and/or derivative works of this 
  27:Src/stm32f3xx_hal_timebase_TIM.c ****   *    software, must execute solely and exclusively on microcontroller or
  28:Src/stm32f3xx_hal_timebase_TIM.c ****   *    microprocessor devices manufactured by or for STMicroelectronics.
  29:Src/stm32f3xx_hal_timebase_TIM.c ****   * 5. Redistribution and use of this software other than as permitted under 
ARM GAS  /tmp/cc0w7cmu.s 			page 2


  30:Src/stm32f3xx_hal_timebase_TIM.c ****   *    this license is void and will automatically terminate your rights under 
  31:Src/stm32f3xx_hal_timebase_TIM.c ****   *    this license. 
  32:Src/stm32f3xx_hal_timebase_TIM.c ****   *
  33:Src/stm32f3xx_hal_timebase_TIM.c ****   * THIS SOFTWARE IS PROVIDED BY STMICROELECTRONICS AND CONTRIBUTORS "AS IS" 
  34:Src/stm32f3xx_hal_timebase_TIM.c ****   * AND ANY EXPRESS, IMPLIED OR STATUTORY WARRANTIES, INCLUDING, BUT NOT 
  35:Src/stm32f3xx_hal_timebase_TIM.c ****   * LIMITED TO, THE IMPLIED WARRANTIES OF MERCHANTABILITY, FITNESS FOR A 
  36:Src/stm32f3xx_hal_timebase_TIM.c ****   * PARTICULAR PURPOSE AND NON-INFRINGEMENT OF THIRD PARTY INTELLECTUAL PROPERTY
  37:Src/stm32f3xx_hal_timebase_TIM.c ****   * RIGHTS ARE DISCLAIMED TO THE FULLEST EXTENT PERMITTED BY LAW. IN NO EVENT 
  38:Src/stm32f3xx_hal_timebase_TIM.c ****   * SHALL STMICROELECTRONICS OR CONTRIBUTORS BE LIABLE FOR ANY DIRECT, INDIRECT,
  39:Src/stm32f3xx_hal_timebase_TIM.c ****   * INCIDENTAL, SPECIAL, EXEMPLARY, OR CONSEQUENTIAL DAMAGES (INCLUDING, BUT NOT
  40:Src/stm32f3xx_hal_timebase_TIM.c ****   * LIMITED TO, PROCUREMENT OF SUBSTITUTE GOODS OR SERVICES; LOSS OF USE, DATA, 
  41:Src/stm32f3xx_hal_timebase_TIM.c ****   * OR PROFITS; OR BUSINESS INTERRUPTION) HOWEVER CAUSED AND ON ANY THEORY OF 
  42:Src/stm32f3xx_hal_timebase_TIM.c ****   * LIABILITY, WHETHER IN CONTRACT, STRICT LIABILITY, OR TORT (INCLUDING 
  43:Src/stm32f3xx_hal_timebase_TIM.c ****   * NEGLIGENCE OR OTHERWISE) ARISING IN ANY WAY OUT OF THE USE OF THIS SOFTWARE,
  44:Src/stm32f3xx_hal_timebase_TIM.c ****   * EVEN IF ADVISED OF THE POSSIBILITY OF SUCH DAMAGE.
  45:Src/stm32f3xx_hal_timebase_TIM.c ****   *
  46:Src/stm32f3xx_hal_timebase_TIM.c ****   ******************************************************************************
  47:Src/stm32f3xx_hal_timebase_TIM.c ****   */
  48:Src/stm32f3xx_hal_timebase_TIM.c **** 
  49:Src/stm32f3xx_hal_timebase_TIM.c **** /* Includes ------------------------------------------------------------------*/
  50:Src/stm32f3xx_hal_timebase_TIM.c **** #include "stm32f3xx_hal.h"
  51:Src/stm32f3xx_hal_timebase_TIM.c **** #include "stm32f3xx_hal_tim.h"
  52:Src/stm32f3xx_hal_timebase_TIM.c **** /** @addtogroup STM32F7xx_HAL_Examples
  53:Src/stm32f3xx_hal_timebase_TIM.c ****   * @{
  54:Src/stm32f3xx_hal_timebase_TIM.c ****   */
  55:Src/stm32f3xx_hal_timebase_TIM.c **** 
  56:Src/stm32f3xx_hal_timebase_TIM.c **** /** @addtogroup HAL_TimeBase
  57:Src/stm32f3xx_hal_timebase_TIM.c ****   * @{
  58:Src/stm32f3xx_hal_timebase_TIM.c ****   */ 
  59:Src/stm32f3xx_hal_timebase_TIM.c **** 
  60:Src/stm32f3xx_hal_timebase_TIM.c **** /* Private typedef -----------------------------------------------------------*/
  61:Src/stm32f3xx_hal_timebase_TIM.c **** /* Private define ------------------------------------------------------------*/
  62:Src/stm32f3xx_hal_timebase_TIM.c **** /* Private macro -------------------------------------------------------------*/
  63:Src/stm32f3xx_hal_timebase_TIM.c **** /* Private variables ---------------------------------------------------------*/
  64:Src/stm32f3xx_hal_timebase_TIM.c **** TIM_HandleTypeDef        htim7; 
  65:Src/stm32f3xx_hal_timebase_TIM.c **** uint32_t                 uwIncrementState = 0;
  66:Src/stm32f3xx_hal_timebase_TIM.c **** /* Private function prototypes -----------------------------------------------*/
  67:Src/stm32f3xx_hal_timebase_TIM.c **** /* Private functions ---------------------------------------------------------*/
  68:Src/stm32f3xx_hal_timebase_TIM.c **** 
  69:Src/stm32f3xx_hal_timebase_TIM.c **** /**
  70:Src/stm32f3xx_hal_timebase_TIM.c ****   * @brief  This function configures the TIM7 as a time base source. 
  71:Src/stm32f3xx_hal_timebase_TIM.c ****   *         The time source is configured  to have 1ms time base with a dedicated 
  72:Src/stm32f3xx_hal_timebase_TIM.c ****   *         Tick interrupt priority. 
  73:Src/stm32f3xx_hal_timebase_TIM.c ****   * @note   This function is called  automatically at the beginning of program after
  74:Src/stm32f3xx_hal_timebase_TIM.c ****   *         reset by HAL_Init() or at any time when clock is configured, by HAL_RCC_ClockConfig(). 
  75:Src/stm32f3xx_hal_timebase_TIM.c ****   * @param  TickPriority: Tick interrupt priorty.
  76:Src/stm32f3xx_hal_timebase_TIM.c ****   * @retval HAL status
  77:Src/stm32f3xx_hal_timebase_TIM.c ****   */
  78:Src/stm32f3xx_hal_timebase_TIM.c **** HAL_StatusTypeDef HAL_InitTick(uint32_t TickPriority)
  79:Src/stm32f3xx_hal_timebase_TIM.c **** {
  30              		.loc 1 79 0
  31              		.cfi_startproc
  32              		@ args = 0, pretend = 0, frame = 32
  33              		@ frame_needed = 0, uses_anonymous_args = 0
  34              	.LVL0:
  35 0000 00B5     		push	{lr}
  36              	.LCFI0:
ARM GAS  /tmp/cc0w7cmu.s 			page 3


  37              		.cfi_def_cfa_offset 4
  38              		.cfi_offset 14, -4
  39 0002 89B0     		sub	sp, sp, #36
  40              	.LCFI1:
  41              		.cfi_def_cfa_offset 40
  42              	.LVL1:
  80:Src/stm32f3xx_hal_timebase_TIM.c ****   RCC_ClkInitTypeDef    clkconfig;
  81:Src/stm32f3xx_hal_timebase_TIM.c ****   uint32_t              uwTimclock = 0;
  82:Src/stm32f3xx_hal_timebase_TIM.c ****   uint32_t              uwPrescalerValue = 0;
  83:Src/stm32f3xx_hal_timebase_TIM.c ****   uint32_t              pFLatency;
  84:Src/stm32f3xx_hal_timebase_TIM.c ****   
  85:Src/stm32f3xx_hal_timebase_TIM.c ****   /*Configure the TIM7 IRQ priority */
  86:Src/stm32f3xx_hal_timebase_TIM.c ****   HAL_NVIC_SetPriority(TIM7_IRQn, TickPriority ,0); 
  43              		.loc 1 86 0
  44 0004 0022     		movs	r2, #0
  45 0006 0146     		mov	r1, r0
  46 0008 3720     		movs	r0, #55
  47              	.LVL2:
  48 000a FFF7FEFF 		bl	HAL_NVIC_SetPriority
  49              	.LVL3:
  87:Src/stm32f3xx_hal_timebase_TIM.c ****   
  88:Src/stm32f3xx_hal_timebase_TIM.c ****   /* Enable the TIM7 global Interrupt */
  89:Src/stm32f3xx_hal_timebase_TIM.c ****   HAL_NVIC_EnableIRQ(TIM7_IRQn); 
  50              		.loc 1 89 0
  51 000e 3720     		movs	r0, #55
  52 0010 FFF7FEFF 		bl	HAL_NVIC_EnableIRQ
  53              	.LVL4:
  54              	.LBB2:
  90:Src/stm32f3xx_hal_timebase_TIM.c ****   
  91:Src/stm32f3xx_hal_timebase_TIM.c ****   /* Enable TIM7 clock */
  92:Src/stm32f3xx_hal_timebase_TIM.c ****   __HAL_RCC_TIM7_CLK_ENABLE();
  55              		.loc 1 92 0
  56 0014 154B     		ldr	r3, .L5
  57 0016 DA69     		ldr	r2, [r3, #28]
  58 0018 42F02002 		orr	r2, r2, #32
  59 001c DA61     		str	r2, [r3, #28]
  60 001e DB69     		ldr	r3, [r3, #28]
  61 0020 03F02003 		and	r3, r3, #32
  62 0024 0193     		str	r3, [sp, #4]
  63 0026 019B     		ldr	r3, [sp, #4]
  64              	.LBE2:
  93:Src/stm32f3xx_hal_timebase_TIM.c ****   
  94:Src/stm32f3xx_hal_timebase_TIM.c ****   /* Get clock configuration */
  95:Src/stm32f3xx_hal_timebase_TIM.c ****   HAL_RCC_GetClockConfig(&clkconfig, &pFLatency);
  65              		.loc 1 95 0
  66 0028 02A9     		add	r1, sp, #8
  67 002a 03A8     		add	r0, sp, #12
  68 002c FFF7FEFF 		bl	HAL_RCC_GetClockConfig
  69              	.LVL5:
  96:Src/stm32f3xx_hal_timebase_TIM.c ****   
  97:Src/stm32f3xx_hal_timebase_TIM.c ****   /* Compute TIM7 clock */
  98:Src/stm32f3xx_hal_timebase_TIM.c ****   uwTimclock = 2*HAL_RCC_GetPCLK1Freq();
  70              		.loc 1 98 0
  71 0030 FFF7FEFF 		bl	HAL_RCC_GetPCLK1Freq
  72              	.LVL6:
  73 0034 4000     		lsls	r0, r0, #1
  74              	.LVL7:
ARM GAS  /tmp/cc0w7cmu.s 			page 4


  99:Src/stm32f3xx_hal_timebase_TIM.c ****    
 100:Src/stm32f3xx_hal_timebase_TIM.c ****   /* Compute the prescaler value to have TIM7 counter clock equal to 1MHz */
 101:Src/stm32f3xx_hal_timebase_TIM.c ****   uwPrescalerValue = (uint32_t) ((uwTimclock / 1000000) - 1);
  75              		.loc 1 101 0
  76 0036 0E4B     		ldr	r3, .L5+4
  77 0038 A3FB0023 		umull	r2, r3, r3, r0
  78 003c 9B0C     		lsrs	r3, r3, #18
  79 003e 013B     		subs	r3, r3, #1
  80              	.LVL8:
 102:Src/stm32f3xx_hal_timebase_TIM.c ****   
 103:Src/stm32f3xx_hal_timebase_TIM.c ****   /* Initialize TIM7 */
 104:Src/stm32f3xx_hal_timebase_TIM.c ****   htim7.Instance = TIM7;
  81              		.loc 1 104 0
  82 0040 0C48     		ldr	r0, .L5+8
  83              	.LVL9:
  84 0042 0D4A     		ldr	r2, .L5+12
  85 0044 0260     		str	r2, [r0]
 105:Src/stm32f3xx_hal_timebase_TIM.c ****   
 106:Src/stm32f3xx_hal_timebase_TIM.c ****   /* Initialize TIMx peripheral as follow:
 107:Src/stm32f3xx_hal_timebase_TIM.c ****   + Period = [(TIM7CLK/1000) - 1]. to have a (1/1000) s time base.
 108:Src/stm32f3xx_hal_timebase_TIM.c ****   + Prescaler = (uwTimclock/1000000 - 1) to have a 1MHz counter clock.
 109:Src/stm32f3xx_hal_timebase_TIM.c ****   + ClockDivision = 0
 110:Src/stm32f3xx_hal_timebase_TIM.c ****   + Counter direction = Up
 111:Src/stm32f3xx_hal_timebase_TIM.c ****   */
 112:Src/stm32f3xx_hal_timebase_TIM.c ****   htim7.Init.Period = (1000000 / 1000) - 1;
  86              		.loc 1 112 0
  87 0046 40F2E732 		movw	r2, #999
  88 004a C260     		str	r2, [r0, #12]
 113:Src/stm32f3xx_hal_timebase_TIM.c ****   htim7.Init.Prescaler = uwPrescalerValue;
  89              		.loc 1 113 0
  90 004c 4360     		str	r3, [r0, #4]
 114:Src/stm32f3xx_hal_timebase_TIM.c ****   htim7.Init.ClockDivision = 0;
  91              		.loc 1 114 0
  92 004e 0023     		movs	r3, #0
  93              	.LVL10:
  94 0050 0361     		str	r3, [r0, #16]
 115:Src/stm32f3xx_hal_timebase_TIM.c ****   htim7.Init.CounterMode = TIM_COUNTERMODE_UP;
  95              		.loc 1 115 0
  96 0052 8360     		str	r3, [r0, #8]
 116:Src/stm32f3xx_hal_timebase_TIM.c ****   if(HAL_TIM_Base_Init(&htim7) == HAL_OK)
  97              		.loc 1 116 0
  98 0054 FFF7FEFF 		bl	HAL_TIM_Base_Init
  99              	.LVL11:
 100 0058 18B9     		cbnz	r0, .L3
 117:Src/stm32f3xx_hal_timebase_TIM.c ****   {
 118:Src/stm32f3xx_hal_timebase_TIM.c ****     /* Start the TIM time Base generation in interrupt mode */
 119:Src/stm32f3xx_hal_timebase_TIM.c ****     return HAL_TIM_Base_Start_IT(&htim7);
 101              		.loc 1 119 0
 102 005a 0648     		ldr	r0, .L5+8
 103 005c FFF7FEFF 		bl	HAL_TIM_Base_Start_IT
 104              	.LVL12:
 105 0060 00E0     		b	.L2
 106              	.L3:
 120:Src/stm32f3xx_hal_timebase_TIM.c ****   }
 121:Src/stm32f3xx_hal_timebase_TIM.c ****   
 122:Src/stm32f3xx_hal_timebase_TIM.c ****   /* Return function status */
 123:Src/stm32f3xx_hal_timebase_TIM.c ****   return HAL_ERROR;
ARM GAS  /tmp/cc0w7cmu.s 			page 5


 107              		.loc 1 123 0
 108 0062 0120     		movs	r0, #1
 109              	.L2:
 124:Src/stm32f3xx_hal_timebase_TIM.c **** }
 110              		.loc 1 124 0
 111 0064 09B0     		add	sp, sp, #36
 112              	.LCFI2:
 113              		.cfi_def_cfa_offset 4
 114              		@ sp needed
 115 0066 5DF804FB 		ldr	pc, [sp], #4
 116              	.L6:
 117 006a 00BF     		.align	2
 118              	.L5:
 119 006c 00100240 		.word	1073876992
 120 0070 83DE1B43 		.word	1125899907
 121 0074 00000000 		.word	htim7
 122 0078 00140040 		.word	1073746944
 123              		.cfi_endproc
 124              	.LFE124:
 126              		.section	.text.HAL_SuspendTick,"ax",%progbits
 127              		.align	2
 128              		.global	HAL_SuspendTick
 129              		.thumb
 130              		.thumb_func
 132              	HAL_SuspendTick:
 133              	.LFB125:
 125:Src/stm32f3xx_hal_timebase_TIM.c **** 
 126:Src/stm32f3xx_hal_timebase_TIM.c **** /**
 127:Src/stm32f3xx_hal_timebase_TIM.c ****   * @brief  Suspend Tick increment.
 128:Src/stm32f3xx_hal_timebase_TIM.c ****   * @note   Disable the tick increment by disabling TIM7 update interrupt.
 129:Src/stm32f3xx_hal_timebase_TIM.c ****   * @param  None
 130:Src/stm32f3xx_hal_timebase_TIM.c ****   * @retval None
 131:Src/stm32f3xx_hal_timebase_TIM.c ****   */
 132:Src/stm32f3xx_hal_timebase_TIM.c **** void HAL_SuspendTick(void)
 133:Src/stm32f3xx_hal_timebase_TIM.c **** {
 134              		.loc 1 133 0
 135              		.cfi_startproc
 136              		@ args = 0, pretend = 0, frame = 0
 137              		@ frame_needed = 0, uses_anonymous_args = 0
 138              		@ link register save eliminated.
 134:Src/stm32f3xx_hal_timebase_TIM.c ****   /* Disable TIM7 update Interrupt */
 135:Src/stm32f3xx_hal_timebase_TIM.c ****   __HAL_TIM_DISABLE_IT(&htim7, TIM_IT_UPDATE);                                                  
 139              		.loc 1 135 0
 140 0000 034B     		ldr	r3, .L8
 141 0002 1A68     		ldr	r2, [r3]
 142 0004 D368     		ldr	r3, [r2, #12]
 143 0006 23F00103 		bic	r3, r3, #1
 144 000a D360     		str	r3, [r2, #12]
 145 000c 7047     		bx	lr
 146              	.L9:
 147 000e 00BF     		.align	2
 148              	.L8:
 149 0010 00000000 		.word	htim7
 150              		.cfi_endproc
 151              	.LFE125:
 153              		.section	.text.HAL_ResumeTick,"ax",%progbits
 154              		.align	2
ARM GAS  /tmp/cc0w7cmu.s 			page 6


 155              		.global	HAL_ResumeTick
 156              		.thumb
 157              		.thumb_func
 159              	HAL_ResumeTick:
 160              	.LFB126:
 136:Src/stm32f3xx_hal_timebase_TIM.c **** }
 137:Src/stm32f3xx_hal_timebase_TIM.c **** 
 138:Src/stm32f3xx_hal_timebase_TIM.c **** /**
 139:Src/stm32f3xx_hal_timebase_TIM.c ****   * @brief  Resume Tick increment.
 140:Src/stm32f3xx_hal_timebase_TIM.c ****   * @note   Enable the tick increment by Enabling TIM7 update interrupt.
 141:Src/stm32f3xx_hal_timebase_TIM.c ****   * @param  None
 142:Src/stm32f3xx_hal_timebase_TIM.c ****   * @retval None
 143:Src/stm32f3xx_hal_timebase_TIM.c ****   */
 144:Src/stm32f3xx_hal_timebase_TIM.c **** void HAL_ResumeTick(void)
 145:Src/stm32f3xx_hal_timebase_TIM.c **** {
 161              		.loc 1 145 0
 162              		.cfi_startproc
 163              		@ args = 0, pretend = 0, frame = 0
 164              		@ frame_needed = 0, uses_anonymous_args = 0
 165              		@ link register save eliminated.
 146:Src/stm32f3xx_hal_timebase_TIM.c ****   /* Enable TIM7 Update interrupt */
 147:Src/stm32f3xx_hal_timebase_TIM.c ****   __HAL_TIM_ENABLE_IT(&htim7, TIM_IT_UPDATE);
 166              		.loc 1 147 0
 167 0000 034B     		ldr	r3, .L11
 168 0002 1A68     		ldr	r2, [r3]
 169 0004 D368     		ldr	r3, [r2, #12]
 170 0006 43F00103 		orr	r3, r3, #1
 171 000a D360     		str	r3, [r2, #12]
 172 000c 7047     		bx	lr
 173              	.L12:
 174 000e 00BF     		.align	2
 175              	.L11:
 176 0010 00000000 		.word	htim7
 177              		.cfi_endproc
 178              	.LFE126:
 180              		.global	uwIncrementState
 181              		.comm	htim7,64,4
 182              		.section	.bss.uwIncrementState,"aw",%nobits
 183              		.align	2
 186              	uwIncrementState:
 187 0000 00000000 		.space	4
 188              		.text
 189              	.Letext0:
 190              		.file 2 "/opt/gcc-arm-none-eabi-5_4-2016q3/arm-none-eabi/include/machine/_default_types.h"
 191              		.file 3 "/opt/gcc-arm-none-eabi-5_4-2016q3/arm-none-eabi/include/sys/_stdint.h"
 192              		.file 4 "Drivers/CMSIS/Device/ST/STM32F3xx/Include/stm32f303xc.h"
 193              		.file 5 "Drivers/STM32F3xx_HAL_Driver/Inc/stm32f3xx_hal_def.h"
 194              		.file 6 "Drivers/STM32F3xx_HAL_Driver/Inc/stm32f3xx_hal_rcc.h"
 195              		.file 7 "Drivers/STM32F3xx_HAL_Driver/Inc/stm32f3xx_hal_dma.h"
 196              		.file 8 "Drivers/STM32F3xx_HAL_Driver/Inc/stm32f3xx_hal_tim.h"
 197              		.file 9 "Drivers/CMSIS/Include/core_cm4.h"
 198              		.file 10 "Drivers/STM32F3xx_HAL_Driver/Inc/stm32f3xx_hal_cortex.h"
ARM GAS  /tmp/cc0w7cmu.s 			page 7


DEFINED SYMBOLS
                            *ABS*:00000000 stm32f3xx_hal_timebase_TIM.c
     /tmp/cc0w7cmu.s:22     .text.HAL_InitTick:00000000 $t
     /tmp/cc0w7cmu.s:27     .text.HAL_InitTick:00000000 HAL_InitTick
     /tmp/cc0w7cmu.s:119    .text.HAL_InitTick:0000006c $d
                            *COM*:00000040 htim7
     /tmp/cc0w7cmu.s:127    .text.HAL_SuspendTick:00000000 $t
     /tmp/cc0w7cmu.s:132    .text.HAL_SuspendTick:00000000 HAL_SuspendTick
     /tmp/cc0w7cmu.s:149    .text.HAL_SuspendTick:00000010 $d
     /tmp/cc0w7cmu.s:154    .text.HAL_ResumeTick:00000000 $t
     /tmp/cc0w7cmu.s:159    .text.HAL_ResumeTick:00000000 HAL_ResumeTick
     /tmp/cc0w7cmu.s:176    .text.HAL_ResumeTick:00000010 $d
     /tmp/cc0w7cmu.s:186    .bss.uwIncrementState:00000000 uwIncrementState
     /tmp/cc0w7cmu.s:183    .bss.uwIncrementState:00000000 $d
                     .debug_frame:00000010 $d

UNDEFINED SYMBOLS
HAL_NVIC_SetPriority
HAL_NVIC_EnableIRQ
HAL_RCC_GetClockConfig
HAL_RCC_GetPCLK1Freq
HAL_TIM_Base_Init
HAL_TIM_Base_Start_IT
