ARM GAS  /tmp/cc3CswsF.s 			page 1


   1              		.syntax unified
   2              		.cpu cortex-m4
   3              		.eabi_attribute 27, 1
   4              		.eabi_attribute 28, 1
   5              		.fpu fpv4-sp-d16
   6              		.eabi_attribute 20, 1
   7              		.eabi_attribute 21, 1
   8              		.eabi_attribute 23, 3
   9              		.eabi_attribute 24, 1
  10              		.eabi_attribute 25, 1
  11              		.eabi_attribute 26, 1
  12              		.eabi_attribute 30, 1
  13              		.eabi_attribute 34, 1
  14              		.eabi_attribute 18, 4
  15              		.thumb
  16              		.syntax unified
  17              		.file	"stm32f3xx_hal_pcd_ex.c"
  18              		.text
  19              	.Ltext0:
  20              		.cfi_sections	.debug_frame
  21              		.section	.text.HAL_PCDEx_PMAConfig,"ax",%progbits
  22              		.align	2
  23              		.global	HAL_PCDEx_PMAConfig
  24              		.thumb
  25              		.thumb_func
  27              	HAL_PCDEx_PMAConfig:
  28              	.LFB124:
  29              		.file 1 "Drivers/STM32F3xx_HAL_Driver/Src/stm32f3xx_hal_pcd_ex.c"
   1:Drivers/STM32F3xx_HAL_Driver/Src/stm32f3xx_hal_pcd_ex.c **** /**
   2:Drivers/STM32F3xx_HAL_Driver/Src/stm32f3xx_hal_pcd_ex.c ****   ******************************************************************************
   3:Drivers/STM32F3xx_HAL_Driver/Src/stm32f3xx_hal_pcd_ex.c ****   * @file    stm32f3xx_hal_pcd_ex.c
   4:Drivers/STM32F3xx_HAL_Driver/Src/stm32f3xx_hal_pcd_ex.c ****   * @author  MCD Application Team
   5:Drivers/STM32F3xx_HAL_Driver/Src/stm32f3xx_hal_pcd_ex.c ****   * @brief   Extended PCD HAL module driver.
   6:Drivers/STM32F3xx_HAL_Driver/Src/stm32f3xx_hal_pcd_ex.c ****   *          This file provides firmware functions to manage the following 
   7:Drivers/STM32F3xx_HAL_Driver/Src/stm32f3xx_hal_pcd_ex.c ****   *          functionalities of the USB Peripheral Controller:
   8:Drivers/STM32F3xx_HAL_Driver/Src/stm32f3xx_hal_pcd_ex.c ****   *           + Configuration of the PMA for EP
   9:Drivers/STM32F3xx_HAL_Driver/Src/stm32f3xx_hal_pcd_ex.c ****   *         
  10:Drivers/STM32F3xx_HAL_Driver/Src/stm32f3xx_hal_pcd_ex.c ****   ******************************************************************************
  11:Drivers/STM32F3xx_HAL_Driver/Src/stm32f3xx_hal_pcd_ex.c ****   * @attention
  12:Drivers/STM32F3xx_HAL_Driver/Src/stm32f3xx_hal_pcd_ex.c ****   *
  13:Drivers/STM32F3xx_HAL_Driver/Src/stm32f3xx_hal_pcd_ex.c ****   * <h2><center>&copy; COPYRIGHT(c) 2016 STMicroelectronics</center></h2>
  14:Drivers/STM32F3xx_HAL_Driver/Src/stm32f3xx_hal_pcd_ex.c ****   *
  15:Drivers/STM32F3xx_HAL_Driver/Src/stm32f3xx_hal_pcd_ex.c ****   * Redistribution and use in source and binary forms, with or without modification,
  16:Drivers/STM32F3xx_HAL_Driver/Src/stm32f3xx_hal_pcd_ex.c ****   * are permitted provided that the following conditions are met:
  17:Drivers/STM32F3xx_HAL_Driver/Src/stm32f3xx_hal_pcd_ex.c ****   *   1. Redistributions of source code must retain the above copyright notice,
  18:Drivers/STM32F3xx_HAL_Driver/Src/stm32f3xx_hal_pcd_ex.c ****   *      this list of conditions and the following disclaimer.
  19:Drivers/STM32F3xx_HAL_Driver/Src/stm32f3xx_hal_pcd_ex.c ****   *   2. Redistributions in binary form must reproduce the above copyright notice,
  20:Drivers/STM32F3xx_HAL_Driver/Src/stm32f3xx_hal_pcd_ex.c ****   *      this list of conditions and the following disclaimer in the documentation
  21:Drivers/STM32F3xx_HAL_Driver/Src/stm32f3xx_hal_pcd_ex.c ****   *      and/or other materials provided with the distribution.
  22:Drivers/STM32F3xx_HAL_Driver/Src/stm32f3xx_hal_pcd_ex.c ****   *   3. Neither the name of STMicroelectronics nor the names of its contributors
  23:Drivers/STM32F3xx_HAL_Driver/Src/stm32f3xx_hal_pcd_ex.c ****   *      may be used to endorse or promote products derived from this software
  24:Drivers/STM32F3xx_HAL_Driver/Src/stm32f3xx_hal_pcd_ex.c ****   *      without specific prior written permission.
  25:Drivers/STM32F3xx_HAL_Driver/Src/stm32f3xx_hal_pcd_ex.c ****   *
  26:Drivers/STM32F3xx_HAL_Driver/Src/stm32f3xx_hal_pcd_ex.c ****   * THIS SOFTWARE IS PROVIDED BY THE COPYRIGHT HOLDERS AND CONTRIBUTORS "AS IS"
  27:Drivers/STM32F3xx_HAL_Driver/Src/stm32f3xx_hal_pcd_ex.c ****   * AND ANY EXPRESS OR IMPLIED WARRANTIES, INCLUDING, BUT NOT LIMITED TO, THE
  28:Drivers/STM32F3xx_HAL_Driver/Src/stm32f3xx_hal_pcd_ex.c ****   * IMPLIED WARRANTIES OF MERCHANTABILITY AND FITNESS FOR A PARTICULAR PURPOSE ARE
  29:Drivers/STM32F3xx_HAL_Driver/Src/stm32f3xx_hal_pcd_ex.c ****   * DISCLAIMED. IN NO EVENT SHALL THE COPYRIGHT HOLDER OR CONTRIBUTORS BE LIABLE
ARM GAS  /tmp/cc3CswsF.s 			page 2


  30:Drivers/STM32F3xx_HAL_Driver/Src/stm32f3xx_hal_pcd_ex.c ****   * FOR ANY DIRECT, INDIRECT, INCIDENTAL, SPECIAL, EXEMPLARY, OR CONSEQUENTIAL
  31:Drivers/STM32F3xx_HAL_Driver/Src/stm32f3xx_hal_pcd_ex.c ****   * DAMAGES (INCLUDING, BUT NOT LIMITED TO, PROCUREMENT OF SUBSTITUTE GOODS OR
  32:Drivers/STM32F3xx_HAL_Driver/Src/stm32f3xx_hal_pcd_ex.c ****   * SERVICES; LOSS OF USE, DATA, OR PROFITS; OR BUSINESS INTERRUPTION) HOWEVER
  33:Drivers/STM32F3xx_HAL_Driver/Src/stm32f3xx_hal_pcd_ex.c ****   * CAUSED AND ON ANY THEORY OF LIABILITY, WHETHER IN CONTRACT, STRICT LIABILITY,
  34:Drivers/STM32F3xx_HAL_Driver/Src/stm32f3xx_hal_pcd_ex.c ****   * OR TORT (INCLUDING NEGLIGENCE OR OTHERWISE) ARISING IN ANY WAY OUT OF THE USE
  35:Drivers/STM32F3xx_HAL_Driver/Src/stm32f3xx_hal_pcd_ex.c ****   * OF THIS SOFTWARE, EVEN IF ADVISED OF THE POSSIBILITY OF SUCH DAMAGE.
  36:Drivers/STM32F3xx_HAL_Driver/Src/stm32f3xx_hal_pcd_ex.c ****   *
  37:Drivers/STM32F3xx_HAL_Driver/Src/stm32f3xx_hal_pcd_ex.c ****   ******************************************************************************
  38:Drivers/STM32F3xx_HAL_Driver/Src/stm32f3xx_hal_pcd_ex.c ****   */
  39:Drivers/STM32F3xx_HAL_Driver/Src/stm32f3xx_hal_pcd_ex.c **** 
  40:Drivers/STM32F3xx_HAL_Driver/Src/stm32f3xx_hal_pcd_ex.c **** /* Includes ------------------------------------------------------------------*/
  41:Drivers/STM32F3xx_HAL_Driver/Src/stm32f3xx_hal_pcd_ex.c **** #include "stm32f3xx_hal.h"
  42:Drivers/STM32F3xx_HAL_Driver/Src/stm32f3xx_hal_pcd_ex.c **** 
  43:Drivers/STM32F3xx_HAL_Driver/Src/stm32f3xx_hal_pcd_ex.c **** #ifdef HAL_PCD_MODULE_ENABLED
  44:Drivers/STM32F3xx_HAL_Driver/Src/stm32f3xx_hal_pcd_ex.c **** 
  45:Drivers/STM32F3xx_HAL_Driver/Src/stm32f3xx_hal_pcd_ex.c **** #if defined(STM32F302xE) || defined(STM32F303xE) || \
  46:Drivers/STM32F3xx_HAL_Driver/Src/stm32f3xx_hal_pcd_ex.c ****     defined(STM32F302xC) || defined(STM32F303xC) || \
  47:Drivers/STM32F3xx_HAL_Driver/Src/stm32f3xx_hal_pcd_ex.c ****     defined(STM32F302x8)                         || \
  48:Drivers/STM32F3xx_HAL_Driver/Src/stm32f3xx_hal_pcd_ex.c ****     defined(STM32F373xC)
  49:Drivers/STM32F3xx_HAL_Driver/Src/stm32f3xx_hal_pcd_ex.c **** 
  50:Drivers/STM32F3xx_HAL_Driver/Src/stm32f3xx_hal_pcd_ex.c **** /** @addtogroup STM32F3xx_HAL_Driver
  51:Drivers/STM32F3xx_HAL_Driver/Src/stm32f3xx_hal_pcd_ex.c ****   * @{
  52:Drivers/STM32F3xx_HAL_Driver/Src/stm32f3xx_hal_pcd_ex.c ****   */
  53:Drivers/STM32F3xx_HAL_Driver/Src/stm32f3xx_hal_pcd_ex.c **** 
  54:Drivers/STM32F3xx_HAL_Driver/Src/stm32f3xx_hal_pcd_ex.c **** /** @defgroup PCDEx PCDEx
  55:Drivers/STM32F3xx_HAL_Driver/Src/stm32f3xx_hal_pcd_ex.c ****   * @brief PCD Extended HAL module driver
  56:Drivers/STM32F3xx_HAL_Driver/Src/stm32f3xx_hal_pcd_ex.c ****   * @{
  57:Drivers/STM32F3xx_HAL_Driver/Src/stm32f3xx_hal_pcd_ex.c ****   */
  58:Drivers/STM32F3xx_HAL_Driver/Src/stm32f3xx_hal_pcd_ex.c **** 
  59:Drivers/STM32F3xx_HAL_Driver/Src/stm32f3xx_hal_pcd_ex.c **** /* Private typedef -----------------------------------------------------------*/
  60:Drivers/STM32F3xx_HAL_Driver/Src/stm32f3xx_hal_pcd_ex.c **** /* Private define ------------------------------------------------------------*/
  61:Drivers/STM32F3xx_HAL_Driver/Src/stm32f3xx_hal_pcd_ex.c **** /* Private macro -------------------------------------------------------------*/
  62:Drivers/STM32F3xx_HAL_Driver/Src/stm32f3xx_hal_pcd_ex.c **** /* Private variables ---------------------------------------------------------*/
  63:Drivers/STM32F3xx_HAL_Driver/Src/stm32f3xx_hal_pcd_ex.c **** /* Private function prototypes -----------------------------------------------*/
  64:Drivers/STM32F3xx_HAL_Driver/Src/stm32f3xx_hal_pcd_ex.c **** /* Exported functions ---------------------------------------------------------*/
  65:Drivers/STM32F3xx_HAL_Driver/Src/stm32f3xx_hal_pcd_ex.c **** 
  66:Drivers/STM32F3xx_HAL_Driver/Src/stm32f3xx_hal_pcd_ex.c **** /** @defgroup PCDEx_Exported_Functions PCDEx Exported Functions
  67:Drivers/STM32F3xx_HAL_Driver/Src/stm32f3xx_hal_pcd_ex.c ****   * @{
  68:Drivers/STM32F3xx_HAL_Driver/Src/stm32f3xx_hal_pcd_ex.c ****   */
  69:Drivers/STM32F3xx_HAL_Driver/Src/stm32f3xx_hal_pcd_ex.c **** 
  70:Drivers/STM32F3xx_HAL_Driver/Src/stm32f3xx_hal_pcd_ex.c **** /** @defgroup PCDEx_Exported_Functions_Group1 Peripheral Control functions
  71:Drivers/STM32F3xx_HAL_Driver/Src/stm32f3xx_hal_pcd_ex.c ****   * @brief    PCDEx control functions 
  72:Drivers/STM32F3xx_HAL_Driver/Src/stm32f3xx_hal_pcd_ex.c ****   *
  73:Drivers/STM32F3xx_HAL_Driver/Src/stm32f3xx_hal_pcd_ex.c **** @verbatim
  74:Drivers/STM32F3xx_HAL_Driver/Src/stm32f3xx_hal_pcd_ex.c ****  ===============================================================================
  75:Drivers/STM32F3xx_HAL_Driver/Src/stm32f3xx_hal_pcd_ex.c ****               ##### Extended Peripheral Control functions #####
  76:Drivers/STM32F3xx_HAL_Driver/Src/stm32f3xx_hal_pcd_ex.c ****  ===============================================================================
  77:Drivers/STM32F3xx_HAL_Driver/Src/stm32f3xx_hal_pcd_ex.c ****     [..]  This section provides functions allowing to:
  78:Drivers/STM32F3xx_HAL_Driver/Src/stm32f3xx_hal_pcd_ex.c ****       (+) Update PMA configuration
  79:Drivers/STM32F3xx_HAL_Driver/Src/stm32f3xx_hal_pcd_ex.c **** 
  80:Drivers/STM32F3xx_HAL_Driver/Src/stm32f3xx_hal_pcd_ex.c **** @endverbatim
  81:Drivers/STM32F3xx_HAL_Driver/Src/stm32f3xx_hal_pcd_ex.c ****   * @{
  82:Drivers/STM32F3xx_HAL_Driver/Src/stm32f3xx_hal_pcd_ex.c ****   */
  83:Drivers/STM32F3xx_HAL_Driver/Src/stm32f3xx_hal_pcd_ex.c **** 
  84:Drivers/STM32F3xx_HAL_Driver/Src/stm32f3xx_hal_pcd_ex.c **** /**
  85:Drivers/STM32F3xx_HAL_Driver/Src/stm32f3xx_hal_pcd_ex.c ****   * @brief Configure PMA for EP
  86:Drivers/STM32F3xx_HAL_Driver/Src/stm32f3xx_hal_pcd_ex.c ****   * @param  hpcd PCD handle
ARM GAS  /tmp/cc3CswsF.s 			page 3


  87:Drivers/STM32F3xx_HAL_Driver/Src/stm32f3xx_hal_pcd_ex.c ****   * @param  ep_addr endpoint address
  88:Drivers/STM32F3xx_HAL_Driver/Src/stm32f3xx_hal_pcd_ex.c ****   * @param  ep_kind endpoint Kind
  89:Drivers/STM32F3xx_HAL_Driver/Src/stm32f3xx_hal_pcd_ex.c ****   *                @arg USB_SNG_BUF: Single Buffer used
  90:Drivers/STM32F3xx_HAL_Driver/Src/stm32f3xx_hal_pcd_ex.c ****   *                @arg USB_DBL_BUF: Double Buffer used
  91:Drivers/STM32F3xx_HAL_Driver/Src/stm32f3xx_hal_pcd_ex.c ****   * @param  pmaadress EP address in The PMA: In case of single buffer endpoint
  92:Drivers/STM32F3xx_HAL_Driver/Src/stm32f3xx_hal_pcd_ex.c ****   *                   this parameter is 16-bit value providing the address
  93:Drivers/STM32F3xx_HAL_Driver/Src/stm32f3xx_hal_pcd_ex.c ****   *                   in PMA allocated to endpoint.
  94:Drivers/STM32F3xx_HAL_Driver/Src/stm32f3xx_hal_pcd_ex.c ****   *                   In case of double buffer endpoint this parameter
  95:Drivers/STM32F3xx_HAL_Driver/Src/stm32f3xx_hal_pcd_ex.c ****   *                   is a 32-bit value providing the endpoint buffer 0 address
  96:Drivers/STM32F3xx_HAL_Driver/Src/stm32f3xx_hal_pcd_ex.c ****   *                   in the LSB part of 32-bit value and endpoint buffer 1 address
  97:Drivers/STM32F3xx_HAL_Driver/Src/stm32f3xx_hal_pcd_ex.c ****   *                   in the MSB part of 32-bit value.
  98:Drivers/STM32F3xx_HAL_Driver/Src/stm32f3xx_hal_pcd_ex.c ****   * @retval : status
  99:Drivers/STM32F3xx_HAL_Driver/Src/stm32f3xx_hal_pcd_ex.c ****   */
 100:Drivers/STM32F3xx_HAL_Driver/Src/stm32f3xx_hal_pcd_ex.c **** 
 101:Drivers/STM32F3xx_HAL_Driver/Src/stm32f3xx_hal_pcd_ex.c **** HAL_StatusTypeDef  HAL_PCDEx_PMAConfig(PCD_HandleTypeDef *hpcd, 
 102:Drivers/STM32F3xx_HAL_Driver/Src/stm32f3xx_hal_pcd_ex.c ****                         uint16_t ep_addr,
 103:Drivers/STM32F3xx_HAL_Driver/Src/stm32f3xx_hal_pcd_ex.c ****                         uint16_t ep_kind,
 104:Drivers/STM32F3xx_HAL_Driver/Src/stm32f3xx_hal_pcd_ex.c ****                         uint32_t pmaadress)
 105:Drivers/STM32F3xx_HAL_Driver/Src/stm32f3xx_hal_pcd_ex.c **** 
 106:Drivers/STM32F3xx_HAL_Driver/Src/stm32f3xx_hal_pcd_ex.c **** {
  30              		.loc 1 106 0
  31              		.cfi_startproc
  32              		@ args = 0, pretend = 0, frame = 0
  33              		@ frame_needed = 0, uses_anonymous_args = 0
  34              		@ link register save eliminated.
  35              	.LVL0:
  36 0000 30B4     		push	{r4, r5}
  37              	.LCFI0:
  38              		.cfi_def_cfa_offset 8
  39              		.cfi_offset 4, -8
  40              		.cfi_offset 5, -4
 107:Drivers/STM32F3xx_HAL_Driver/Src/stm32f3xx_hal_pcd_ex.c ****   PCD_EPTypeDef *ep;
 108:Drivers/STM32F3xx_HAL_Driver/Src/stm32f3xx_hal_pcd_ex.c ****   
 109:Drivers/STM32F3xx_HAL_Driver/Src/stm32f3xx_hal_pcd_ex.c ****   /* initialize ep structure*/
 110:Drivers/STM32F3xx_HAL_Driver/Src/stm32f3xx_hal_pcd_ex.c ****   if ((0x80U & ep_addr) == 0x80U)
  41              		.loc 1 110 0
  42 0002 01F08005 		and	r5, r1, #128
  43 0006 ADB2     		uxth	r5, r5
  44 0008 3DB1     		cbz	r5, .L2
 111:Drivers/STM32F3xx_HAL_Driver/Src/stm32f3xx_hal_pcd_ex.c ****   {
 112:Drivers/STM32F3xx_HAL_Driver/Src/stm32f3xx_hal_pcd_ex.c ****     ep = &hpcd->IN_ep[ep_addr & 0x7FU];
  45              		.loc 1 112 0
  46 000a 01F07F01 		and	r1, r1, #127
  47              	.LVL1:
  48 000e C1EBC101 		rsb	r1, r1, r1, lsl #3
  49 0012 8D00     		lsls	r5, r1, #2
  50 0014 2835     		adds	r5, r5, #40
  51 0016 2844     		add	r0, r0, r5
  52              	.LVL2:
  53 0018 06E0     		b	.L3
  54              	.LVL3:
  55              	.L2:
 113:Drivers/STM32F3xx_HAL_Driver/Src/stm32f3xx_hal_pcd_ex.c ****   }
 114:Drivers/STM32F3xx_HAL_Driver/Src/stm32f3xx_hal_pcd_ex.c ****   else
 115:Drivers/STM32F3xx_HAL_Driver/Src/stm32f3xx_hal_pcd_ex.c ****   {
 116:Drivers/STM32F3xx_HAL_Driver/Src/stm32f3xx_hal_pcd_ex.c ****     ep = &hpcd->OUT_ep[ep_addr];
  56              		.loc 1 116 0
ARM GAS  /tmp/cc3CswsF.s 			page 4


  57 001a C1EBC101 		rsb	r1, r1, r1, lsl #3
  58              	.LVL4:
  59 001e 8C00     		lsls	r4, r1, #2
  60 0020 04F5E474 		add	r4, r4, #456
  61 0024 2044     		add	r0, r0, r4
  62              	.LVL5:
  63 0026 0430     		adds	r0, r0, #4
  64              	.LVL6:
  65              	.L3:
 117:Drivers/STM32F3xx_HAL_Driver/Src/stm32f3xx_hal_pcd_ex.c ****   }
 118:Drivers/STM32F3xx_HAL_Driver/Src/stm32f3xx_hal_pcd_ex.c ****   
 119:Drivers/STM32F3xx_HAL_Driver/Src/stm32f3xx_hal_pcd_ex.c ****   /* Here we check if the endpoint is single or double Buffer*/
 120:Drivers/STM32F3xx_HAL_Driver/Src/stm32f3xx_hal_pcd_ex.c ****   if (ep_kind == PCD_SNG_BUF)
  66              		.loc 1 120 0
  67 0028 12B9     		cbnz	r2, .L4
 121:Drivers/STM32F3xx_HAL_Driver/Src/stm32f3xx_hal_pcd_ex.c ****   {
 122:Drivers/STM32F3xx_HAL_Driver/Src/stm32f3xx_hal_pcd_ex.c ****     /*Single Buffer*/
 123:Drivers/STM32F3xx_HAL_Driver/Src/stm32f3xx_hal_pcd_ex.c ****     ep->doublebuffer = 0U;
  68              		.loc 1 123 0
  69 002a 8272     		strb	r2, [r0, #10]
 124:Drivers/STM32F3xx_HAL_Driver/Src/stm32f3xx_hal_pcd_ex.c ****     /*Configure the PMA*/
 125:Drivers/STM32F3xx_HAL_Driver/Src/stm32f3xx_hal_pcd_ex.c ****     ep->pmaadress = (uint16_t)pmaadress;
  70              		.loc 1 125 0
  71 002c 8380     		strh	r3, [r0, #4]	@ movhi
  72 002e 04E0     		b	.L5
  73              	.L4:
 126:Drivers/STM32F3xx_HAL_Driver/Src/stm32f3xx_hal_pcd_ex.c ****   }
 127:Drivers/STM32F3xx_HAL_Driver/Src/stm32f3xx_hal_pcd_ex.c ****   else /*USB_DBL_BUF*/
 128:Drivers/STM32F3xx_HAL_Driver/Src/stm32f3xx_hal_pcd_ex.c ****   {
 129:Drivers/STM32F3xx_HAL_Driver/Src/stm32f3xx_hal_pcd_ex.c ****     /*Double Buffer Endpoint*/
 130:Drivers/STM32F3xx_HAL_Driver/Src/stm32f3xx_hal_pcd_ex.c ****     ep->doublebuffer = 1;
  74              		.loc 1 130 0
  75 0030 0122     		movs	r2, #1
  76              	.LVL7:
  77 0032 8272     		strb	r2, [r0, #10]
 131:Drivers/STM32F3xx_HAL_Driver/Src/stm32f3xx_hal_pcd_ex.c ****     /*Configure the PMA*/
 132:Drivers/STM32F3xx_HAL_Driver/Src/stm32f3xx_hal_pcd_ex.c ****     ep->pmaaddr0 =  pmaadress & 0xFFFFU;
  78              		.loc 1 132 0
  79 0034 C380     		strh	r3, [r0, #6]	@ movhi
 133:Drivers/STM32F3xx_HAL_Driver/Src/stm32f3xx_hal_pcd_ex.c ****     ep->pmaaddr1 =  (pmaadress & 0xFFFF0000U) >> 16U;
  80              		.loc 1 133 0
  81 0036 1B0C     		lsrs	r3, r3, #16
  82              	.LVL8:
  83 0038 0381     		strh	r3, [r0, #8]	@ movhi
  84              	.L5:
 134:Drivers/STM32F3xx_HAL_Driver/Src/stm32f3xx_hal_pcd_ex.c ****   }
 135:Drivers/STM32F3xx_HAL_Driver/Src/stm32f3xx_hal_pcd_ex.c ****   
 136:Drivers/STM32F3xx_HAL_Driver/Src/stm32f3xx_hal_pcd_ex.c ****   return HAL_OK; 
 137:Drivers/STM32F3xx_HAL_Driver/Src/stm32f3xx_hal_pcd_ex.c **** }
  85              		.loc 1 137 0
  86 003a 0020     		movs	r0, #0
  87              	.LVL9:
  88 003c 30BC     		pop	{r4, r5}
  89              	.LCFI1:
  90              		.cfi_restore 5
  91              		.cfi_restore 4
  92              		.cfi_def_cfa_offset 0
ARM GAS  /tmp/cc3CswsF.s 			page 5


  93 003e 7047     		bx	lr
  94              		.cfi_endproc
  95              	.LFE124:
  97              		.section	.text.PCD_WritePMA,"ax",%progbits
  98              		.align	2
  99              		.global	PCD_WritePMA
 100              		.thumb
 101              		.thumb_func
 103              	PCD_WritePMA:
 104              	.LFB125:
 138:Drivers/STM32F3xx_HAL_Driver/Src/stm32f3xx_hal_pcd_ex.c **** /**
 139:Drivers/STM32F3xx_HAL_Driver/Src/stm32f3xx_hal_pcd_ex.c ****   * @}
 140:Drivers/STM32F3xx_HAL_Driver/Src/stm32f3xx_hal_pcd_ex.c ****   */ 
 141:Drivers/STM32F3xx_HAL_Driver/Src/stm32f3xx_hal_pcd_ex.c **** 
 142:Drivers/STM32F3xx_HAL_Driver/Src/stm32f3xx_hal_pcd_ex.c **** /**
 143:Drivers/STM32F3xx_HAL_Driver/Src/stm32f3xx_hal_pcd_ex.c ****   * @}
 144:Drivers/STM32F3xx_HAL_Driver/Src/stm32f3xx_hal_pcd_ex.c ****   */ 
 145:Drivers/STM32F3xx_HAL_Driver/Src/stm32f3xx_hal_pcd_ex.c **** 
 146:Drivers/STM32F3xx_HAL_Driver/Src/stm32f3xx_hal_pcd_ex.c **** /** @defgroup PCDEx_Private_Functions PCD Extended Private Functions
 147:Drivers/STM32F3xx_HAL_Driver/Src/stm32f3xx_hal_pcd_ex.c ****   * @{
 148:Drivers/STM32F3xx_HAL_Driver/Src/stm32f3xx_hal_pcd_ex.c ****   */
 149:Drivers/STM32F3xx_HAL_Driver/Src/stm32f3xx_hal_pcd_ex.c **** #if defined(STM32F303xC)                         || \
 150:Drivers/STM32F3xx_HAL_Driver/Src/stm32f3xx_hal_pcd_ex.c ****     defined(STM32F303x8) || defined(STM32F334x8) || \
 151:Drivers/STM32F3xx_HAL_Driver/Src/stm32f3xx_hal_pcd_ex.c ****     defined(STM32F301x8)                         || \
 152:Drivers/STM32F3xx_HAL_Driver/Src/stm32f3xx_hal_pcd_ex.c ****     defined(STM32F373xC) || defined(STM32F378xx) || \
 153:Drivers/STM32F3xx_HAL_Driver/Src/stm32f3xx_hal_pcd_ex.c ****     defined(STM32F302xC)
 154:Drivers/STM32F3xx_HAL_Driver/Src/stm32f3xx_hal_pcd_ex.c ****      
 155:Drivers/STM32F3xx_HAL_Driver/Src/stm32f3xx_hal_pcd_ex.c **** /**
 156:Drivers/STM32F3xx_HAL_Driver/Src/stm32f3xx_hal_pcd_ex.c ****   * @brief Copy a buffer from user memory area to packet memory area (PMA)
 157:Drivers/STM32F3xx_HAL_Driver/Src/stm32f3xx_hal_pcd_ex.c ****   * @param   USBx: USB peripheral instance register address.
 158:Drivers/STM32F3xx_HAL_Driver/Src/stm32f3xx_hal_pcd_ex.c ****   * @param   pbUsrBuf: pointer to user memory area.
 159:Drivers/STM32F3xx_HAL_Driver/Src/stm32f3xx_hal_pcd_ex.c ****   * @param   wPMABufAddr: address into PMA.
 160:Drivers/STM32F3xx_HAL_Driver/Src/stm32f3xx_hal_pcd_ex.c ****   * @param   wNBytes: no. of bytes to be copied.
 161:Drivers/STM32F3xx_HAL_Driver/Src/stm32f3xx_hal_pcd_ex.c ****   * @retval None
 162:Drivers/STM32F3xx_HAL_Driver/Src/stm32f3xx_hal_pcd_ex.c ****   */
 163:Drivers/STM32F3xx_HAL_Driver/Src/stm32f3xx_hal_pcd_ex.c **** void PCD_WritePMA(USB_TypeDef  *USBx, uint8_t *pbUsrBuf, uint16_t wPMABufAddr, uint16_t wNBytes)
 164:Drivers/STM32F3xx_HAL_Driver/Src/stm32f3xx_hal_pcd_ex.c **** {
 105              		.loc 1 164 0
 106              		.cfi_startproc
 107              		@ args = 0, pretend = 0, frame = 0
 108              		@ frame_needed = 0, uses_anonymous_args = 0
 109              		@ link register save eliminated.
 110              	.LVL10:
 111 0000 10B4     		push	{r4}
 112              	.LCFI2:
 113              		.cfi_def_cfa_offset 4
 114              		.cfi_offset 4, -4
 165:Drivers/STM32F3xx_HAL_Driver/Src/stm32f3xx_hal_pcd_ex.c ****   uint32_t n =  ((uint32_t)((uint32_t)wNBytes + 1U)) >> 1U;
 115              		.loc 1 165 0
 116 0002 0133     		adds	r3, r3, #1
 117              	.LVL11:
 118 0004 5B08     		lsrs	r3, r3, #1
 119              	.LVL12:
 166:Drivers/STM32F3xx_HAL_Driver/Src/stm32f3xx_hal_pcd_ex.c ****   
 167:Drivers/STM32F3xx_HAL_Driver/Src/stm32f3xx_hal_pcd_ex.c ****   uint32_t i, temp1, temp2;
 168:Drivers/STM32F3xx_HAL_Driver/Src/stm32f3xx_hal_pcd_ex.c ****   uint16_t *pdwVal;
 169:Drivers/STM32F3xx_HAL_Driver/Src/stm32f3xx_hal_pcd_ex.c ****   pdwVal = (uint16_t *)((uint32_t)(wPMABufAddr * 2 + (uint32_t)USBx + 0x400U));
ARM GAS  /tmp/cc3CswsF.s 			page 6


 120              		.loc 1 169 0
 121 0006 00EB4202 		add	r2, r0, r2, lsl #1
 122              	.LVL13:
 123 000a 02F58062 		add	r2, r2, #1024
 124              	.LVL14:
 170:Drivers/STM32F3xx_HAL_Driver/Src/stm32f3xx_hal_pcd_ex.c ****   
 171:Drivers/STM32F3xx_HAL_Driver/Src/stm32f3xx_hal_pcd_ex.c ****   for (i = n; i != 0; i--)
 125              		.loc 1 171 0
 126 000e 07E0     		b	.L8
 127              	.LVL15:
 128              	.L9:
 172:Drivers/STM32F3xx_HAL_Driver/Src/stm32f3xx_hal_pcd_ex.c ****   {
 173:Drivers/STM32F3xx_HAL_Driver/Src/stm32f3xx_hal_pcd_ex.c ****     temp1 = (uint16_t) * pbUsrBuf;
 129              		.loc 1 173 0 discriminator 3
 130 0010 0C78     		ldrb	r4, [r1]	@ zero_extendqisi2
 131              	.LVL16:
 174:Drivers/STM32F3xx_HAL_Driver/Src/stm32f3xx_hal_pcd_ex.c ****     pbUsrBuf++;
 175:Drivers/STM32F3xx_HAL_Driver/Src/stm32f3xx_hal_pcd_ex.c ****     temp2 = temp1 | ((uint16_t)((uint16_t)  * pbUsrBuf << 8U)) ;
 132              		.loc 1 175 0 discriminator 3
 133 0012 4878     		ldrb	r0, [r1, #1]	@ zero_extendqisi2
 134 0014 44EA0024 		orr	r4, r4, r0, lsl #8
 135              	.LVL17:
 176:Drivers/STM32F3xx_HAL_Driver/Src/stm32f3xx_hal_pcd_ex.c ****     *pdwVal++ = temp2;
 136              		.loc 1 176 0 discriminator 3
 137 0018 22F8044B 		strh	r4, [r2], #4	@ movhi
 138              	.LVL18:
 177:Drivers/STM32F3xx_HAL_Driver/Src/stm32f3xx_hal_pcd_ex.c ****     pdwVal++;
 178:Drivers/STM32F3xx_HAL_Driver/Src/stm32f3xx_hal_pcd_ex.c ****     pbUsrBuf++;
 139              		.loc 1 178 0 discriminator 3
 140 001c 0231     		adds	r1, r1, #2
 141              	.LVL19:
 171:Drivers/STM32F3xx_HAL_Driver/Src/stm32f3xx_hal_pcd_ex.c ****   {
 142              		.loc 1 171 0 discriminator 3
 143 001e 013B     		subs	r3, r3, #1
 144              	.LVL20:
 145              	.L8:
 171:Drivers/STM32F3xx_HAL_Driver/Src/stm32f3xx_hal_pcd_ex.c ****   {
 146              		.loc 1 171 0 is_stmt 0 discriminator 1
 147 0020 002B     		cmp	r3, #0
 148 0022 F5D1     		bne	.L9
 179:Drivers/STM32F3xx_HAL_Driver/Src/stm32f3xx_hal_pcd_ex.c ****   }
 180:Drivers/STM32F3xx_HAL_Driver/Src/stm32f3xx_hal_pcd_ex.c **** }
 149              		.loc 1 180 0 is_stmt 1
 150 0024 5DF8044B 		ldr	r4, [sp], #4
 151              	.LCFI3:
 152              		.cfi_restore 4
 153              		.cfi_def_cfa_offset 0
 154 0028 7047     		bx	lr
 155              		.cfi_endproc
 156              	.LFE125:
 158 002a 00BF     		.section	.text.PCD_ReadPMA,"ax",%progbits
 159              		.align	2
 160              		.global	PCD_ReadPMA
 161              		.thumb
 162              		.thumb_func
 164              	PCD_ReadPMA:
 165              	.LFB126:
ARM GAS  /tmp/cc3CswsF.s 			page 7


 181:Drivers/STM32F3xx_HAL_Driver/Src/stm32f3xx_hal_pcd_ex.c **** 
 182:Drivers/STM32F3xx_HAL_Driver/Src/stm32f3xx_hal_pcd_ex.c **** /**
 183:Drivers/STM32F3xx_HAL_Driver/Src/stm32f3xx_hal_pcd_ex.c ****   * @brief Copy a buffer from user memory area to packet memory area (PMA)
 184:Drivers/STM32F3xx_HAL_Driver/Src/stm32f3xx_hal_pcd_ex.c ****   * @param   USBx: USB peripheral instance register address.
 185:Drivers/STM32F3xx_HAL_Driver/Src/stm32f3xx_hal_pcd_ex.c ****   * @param   pbUsrBuf: pointer to user memory area.
 186:Drivers/STM32F3xx_HAL_Driver/Src/stm32f3xx_hal_pcd_ex.c ****   * @param   wPMABufAddr: address into PMA.
 187:Drivers/STM32F3xx_HAL_Driver/Src/stm32f3xx_hal_pcd_ex.c ****   * @param   wNBytes: no. of bytes to be copied.
 188:Drivers/STM32F3xx_HAL_Driver/Src/stm32f3xx_hal_pcd_ex.c ****   * @retval None
 189:Drivers/STM32F3xx_HAL_Driver/Src/stm32f3xx_hal_pcd_ex.c ****   */
 190:Drivers/STM32F3xx_HAL_Driver/Src/stm32f3xx_hal_pcd_ex.c **** void PCD_ReadPMA(USB_TypeDef  *USBx, uint8_t *pbUsrBuf, uint16_t wPMABufAddr, uint16_t wNBytes)
 191:Drivers/STM32F3xx_HAL_Driver/Src/stm32f3xx_hal_pcd_ex.c **** {
 166              		.loc 1 191 0
 167              		.cfi_startproc
 168              		@ args = 0, pretend = 0, frame = 0
 169              		@ frame_needed = 0, uses_anonymous_args = 0
 170              		@ link register save eliminated.
 171              	.LVL21:
 172 0000 70B4     		push	{r4, r5, r6}
 173              	.LCFI4:
 174              		.cfi_def_cfa_offset 12
 175              		.cfi_offset 4, -12
 176              		.cfi_offset 5, -8
 177              		.cfi_offset 6, -4
 192:Drivers/STM32F3xx_HAL_Driver/Src/stm32f3xx_hal_pcd_ex.c ****   uint32_t n = (uint32_t)wNBytes >> 1U;
 178              		.loc 1 192 0
 179 0002 5E08     		lsrs	r6, r3, #1
 180              	.LVL22:
 193:Drivers/STM32F3xx_HAL_Driver/Src/stm32f3xx_hal_pcd_ex.c ****   uint32_t i;
 194:Drivers/STM32F3xx_HAL_Driver/Src/stm32f3xx_hal_pcd_ex.c ****   uint16_t *pdwVal;
 195:Drivers/STM32F3xx_HAL_Driver/Src/stm32f3xx_hal_pcd_ex.c ****   uint32_t temp;
 196:Drivers/STM32F3xx_HAL_Driver/Src/stm32f3xx_hal_pcd_ex.c ****   pdwVal = (uint16_t *)((uint32_t)(wPMABufAddr * 2 + (uint32_t)USBx + 0x400U));
 181              		.loc 1 196 0
 182 0004 00EB4202 		add	r2, r0, r2, lsl #1
 183              	.LVL23:
 184 0008 02F58062 		add	r2, r2, #1024
 185              	.LVL24:
 197:Drivers/STM32F3xx_HAL_Driver/Src/stm32f3xx_hal_pcd_ex.c ****   
 198:Drivers/STM32F3xx_HAL_Driver/Src/stm32f3xx_hal_pcd_ex.c ****   for (i = n; i != 0U; i--)
 186              		.loc 1 198 0
 187 000c 08E0     		b	.L12
 188              	.LVL25:
 189              	.L13:
 199:Drivers/STM32F3xx_HAL_Driver/Src/stm32f3xx_hal_pcd_ex.c ****   {
 200:Drivers/STM32F3xx_HAL_Driver/Src/stm32f3xx_hal_pcd_ex.c ****     temp = *pdwVal++;
 190              		.loc 1 200 0 discriminator 3
 191 000e 32F8044B 		ldrh	r4, [r2], #4
 192              	.LVL26:
 201:Drivers/STM32F3xx_HAL_Driver/Src/stm32f3xx_hal_pcd_ex.c ****     *pbUsrBuf++ = ((temp >> 0) & 0xFF);
 193              		.loc 1 201 0 discriminator 3
 194 0012 0D46     		mov	r5, r1
 195 0014 05F8024B 		strb	r4, [r5], #2
 196              	.LVL27:
 202:Drivers/STM32F3xx_HAL_Driver/Src/stm32f3xx_hal_pcd_ex.c ****     *pbUsrBuf++ = ((temp >> 8) & 0xFF);
 197              		.loc 1 202 0 discriminator 3
 198 0018 240A     		lsrs	r4, r4, #8
 199              	.LVL28:
 200 001a 4C70     		strb	r4, [r1, #1]
ARM GAS  /tmp/cc3CswsF.s 			page 8


 201              	.LVL29:
 198:Drivers/STM32F3xx_HAL_Driver/Src/stm32f3xx_hal_pcd_ex.c ****   {
 202              		.loc 1 198 0 discriminator 3
 203 001c 013E     		subs	r6, r6, #1
 204              	.LVL30:
 205              		.loc 1 202 0 discriminator 3
 206 001e 2946     		mov	r1, r5
 207              	.LVL31:
 208              	.L12:
 198:Drivers/STM32F3xx_HAL_Driver/Src/stm32f3xx_hal_pcd_ex.c ****   {
 209              		.loc 1 198 0 discriminator 1
 210 0020 002E     		cmp	r6, #0
 211 0022 F4D1     		bne	.L13
 203:Drivers/STM32F3xx_HAL_Driver/Src/stm32f3xx_hal_pcd_ex.c ****     pdwVal++;
 204:Drivers/STM32F3xx_HAL_Driver/Src/stm32f3xx_hal_pcd_ex.c ****   }
 205:Drivers/STM32F3xx_HAL_Driver/Src/stm32f3xx_hal_pcd_ex.c **** 
 206:Drivers/STM32F3xx_HAL_Driver/Src/stm32f3xx_hal_pcd_ex.c ****   if (wNBytes % 2)
 212              		.loc 1 206 0
 213 0024 13F0010F 		tst	r3, #1
 214 0028 01D0     		beq	.L11
 215              	.LVL32:
 207:Drivers/STM32F3xx_HAL_Driver/Src/stm32f3xx_hal_pcd_ex.c ****   {
 208:Drivers/STM32F3xx_HAL_Driver/Src/stm32f3xx_hal_pcd_ex.c ****     temp = *pdwVal++;
 216              		.loc 1 208 0
 217 002a 1388     		ldrh	r3, [r2]
 218              	.LVL33:
 209:Drivers/STM32F3xx_HAL_Driver/Src/stm32f3xx_hal_pcd_ex.c ****     *pbUsrBuf++ = ((temp >> 0) & 0xFF);
 219              		.loc 1 209 0
 220 002c 0B70     		strb	r3, [r1]
 221              	.LVL34:
 222              	.L11:
 210:Drivers/STM32F3xx_HAL_Driver/Src/stm32f3xx_hal_pcd_ex.c ****   }
 211:Drivers/STM32F3xx_HAL_Driver/Src/stm32f3xx_hal_pcd_ex.c **** }
 223              		.loc 1 211 0
 224 002e 70BC     		pop	{r4, r5, r6}
 225              	.LCFI5:
 226              		.cfi_restore 6
 227              		.cfi_restore 5
 228              		.cfi_restore 4
 229              		.cfi_def_cfa_offset 0
 230              	.LVL35:
 231 0030 7047     		bx	lr
 232              		.cfi_endproc
 233              	.LFE126:
 235 0032 00BF     		.section	.text.HAL_PCDEx_SetConnectionState,"ax",%progbits
 236              		.align	2
 237              		.weak	HAL_PCDEx_SetConnectionState
 238              		.thumb
 239              		.thumb_func
 241              	HAL_PCDEx_SetConnectionState:
 242              	.LFB127:
 212:Drivers/STM32F3xx_HAL_Driver/Src/stm32f3xx_hal_pcd_ex.c **** #endif /* STM32F303xC                || */
 213:Drivers/STM32F3xx_HAL_Driver/Src/stm32f3xx_hal_pcd_ex.c ****        /* STM32F303x8 || STM32F334x8 || */
 214:Drivers/STM32F3xx_HAL_Driver/Src/stm32f3xx_hal_pcd_ex.c ****        /* STM32F301x8                || */
 215:Drivers/STM32F3xx_HAL_Driver/Src/stm32f3xx_hal_pcd_ex.c ****        /* STM32F373xC || STM32F378xx    */
 216:Drivers/STM32F3xx_HAL_Driver/Src/stm32f3xx_hal_pcd_ex.c **** 
 217:Drivers/STM32F3xx_HAL_Driver/Src/stm32f3xx_hal_pcd_ex.c **** #if defined(STM32F302xE) || defined(STM32F303xE) || \
ARM GAS  /tmp/cc3CswsF.s 			page 9


 218:Drivers/STM32F3xx_HAL_Driver/Src/stm32f3xx_hal_pcd_ex.c ****     defined(STM32F302x8) 
 219:Drivers/STM32F3xx_HAL_Driver/Src/stm32f3xx_hal_pcd_ex.c **** /**
 220:Drivers/STM32F3xx_HAL_Driver/Src/stm32f3xx_hal_pcd_ex.c ****   * @brief Copy a buffer from user memory area to packet memory area (PMA)
 221:Drivers/STM32F3xx_HAL_Driver/Src/stm32f3xx_hal_pcd_ex.c ****   * @param   USBx: USB peripheral instance register address.
 222:Drivers/STM32F3xx_HAL_Driver/Src/stm32f3xx_hal_pcd_ex.c ****   * @param   pbUsrBuf: pointer to user memory area.
 223:Drivers/STM32F3xx_HAL_Driver/Src/stm32f3xx_hal_pcd_ex.c ****   * @param   wPMABufAddr: address into PMA.
 224:Drivers/STM32F3xx_HAL_Driver/Src/stm32f3xx_hal_pcd_ex.c ****   * @param   wNBytes: no. of bytes to be copied.
 225:Drivers/STM32F3xx_HAL_Driver/Src/stm32f3xx_hal_pcd_ex.c ****   * @retval None
 226:Drivers/STM32F3xx_HAL_Driver/Src/stm32f3xx_hal_pcd_ex.c ****   */
 227:Drivers/STM32F3xx_HAL_Driver/Src/stm32f3xx_hal_pcd_ex.c **** void PCD_WritePMA(USB_TypeDef  *USBx, uint8_t *pbUsrBuf, uint16_t wPMABufAddr, uint16_t wNBytes)
 228:Drivers/STM32F3xx_HAL_Driver/Src/stm32f3xx_hal_pcd_ex.c **** {
 229:Drivers/STM32F3xx_HAL_Driver/Src/stm32f3xx_hal_pcd_ex.c ****   uint32_t n =  ((uint32_t)((uint32_t)wNBytes + 1U)) >> 1U;
 230:Drivers/STM32F3xx_HAL_Driver/Src/stm32f3xx_hal_pcd_ex.c ****   uint32_t i;
 231:Drivers/STM32F3xx_HAL_Driver/Src/stm32f3xx_hal_pcd_ex.c ****   uint16_t temp1, temp2;
 232:Drivers/STM32F3xx_HAL_Driver/Src/stm32f3xx_hal_pcd_ex.c ****   uint16_t *pdwVal;
 233:Drivers/STM32F3xx_HAL_Driver/Src/stm32f3xx_hal_pcd_ex.c ****   pdwVal = (uint16_t *)((uint32_t)(wPMABufAddr + (uint32_t)USBx + 0x400U));  
 234:Drivers/STM32F3xx_HAL_Driver/Src/stm32f3xx_hal_pcd_ex.c ****   for (i = n; i != 0U; i--)
 235:Drivers/STM32F3xx_HAL_Driver/Src/stm32f3xx_hal_pcd_ex.c ****   {
 236:Drivers/STM32F3xx_HAL_Driver/Src/stm32f3xx_hal_pcd_ex.c ****     temp1 = (uint16_t) * pbUsrBuf;
 237:Drivers/STM32F3xx_HAL_Driver/Src/stm32f3xx_hal_pcd_ex.c ****     pbUsrBuf++;
 238:Drivers/STM32F3xx_HAL_Driver/Src/stm32f3xx_hal_pcd_ex.c ****     temp2 = temp1 | ((uint16_t)((uint16_t)  * pbUsrBuf << 8U)) ;
 239:Drivers/STM32F3xx_HAL_Driver/Src/stm32f3xx_hal_pcd_ex.c ****     *pdwVal++ = temp2;
 240:Drivers/STM32F3xx_HAL_Driver/Src/stm32f3xx_hal_pcd_ex.c ****     pbUsrBuf++;
 241:Drivers/STM32F3xx_HAL_Driver/Src/stm32f3xx_hal_pcd_ex.c ****   }
 242:Drivers/STM32F3xx_HAL_Driver/Src/stm32f3xx_hal_pcd_ex.c **** }
 243:Drivers/STM32F3xx_HAL_Driver/Src/stm32f3xx_hal_pcd_ex.c **** 
 244:Drivers/STM32F3xx_HAL_Driver/Src/stm32f3xx_hal_pcd_ex.c **** /**
 245:Drivers/STM32F3xx_HAL_Driver/Src/stm32f3xx_hal_pcd_ex.c ****   * @brief Copy a buffer from user memory area to packet memory area (PMA)
 246:Drivers/STM32F3xx_HAL_Driver/Src/stm32f3xx_hal_pcd_ex.c ****   * @param   USBx: USB peripheral instance register address.
 247:Drivers/STM32F3xx_HAL_Driver/Src/stm32f3xx_hal_pcd_ex.c ****   * @param   pbUsrBuf: pointer to user memory area.
 248:Drivers/STM32F3xx_HAL_Driver/Src/stm32f3xx_hal_pcd_ex.c ****   * @param   wPMABufAddr: address into PMA.
 249:Drivers/STM32F3xx_HAL_Driver/Src/stm32f3xx_hal_pcd_ex.c ****   * @param   wNBytes: no. of bytes to be copied.
 250:Drivers/STM32F3xx_HAL_Driver/Src/stm32f3xx_hal_pcd_ex.c ****   * @retval None
 251:Drivers/STM32F3xx_HAL_Driver/Src/stm32f3xx_hal_pcd_ex.c ****   */
 252:Drivers/STM32F3xx_HAL_Driver/Src/stm32f3xx_hal_pcd_ex.c **** void PCD_ReadPMA(USB_TypeDef  *USBx, uint8_t *pbUsrBuf, uint16_t wPMABufAddr, uint16_t wNBytes)
 253:Drivers/STM32F3xx_HAL_Driver/Src/stm32f3xx_hal_pcd_ex.c **** {
 254:Drivers/STM32F3xx_HAL_Driver/Src/stm32f3xx_hal_pcd_ex.c ****   uint32_t n = (uint32_t)wNBytes >> 1U;
 255:Drivers/STM32F3xx_HAL_Driver/Src/stm32f3xx_hal_pcd_ex.c ****   uint32_t i;
 256:Drivers/STM32F3xx_HAL_Driver/Src/stm32f3xx_hal_pcd_ex.c ****   uint16_t *pdwVal;
 257:Drivers/STM32F3xx_HAL_Driver/Src/stm32f3xx_hal_pcd_ex.c ****   uint32_t temp;
 258:Drivers/STM32F3xx_HAL_Driver/Src/stm32f3xx_hal_pcd_ex.c ****   pdwVal = (uint16_t *)((uint32_t)(wPMABufAddr + (uint32_t)USBx + 0x400U));
 259:Drivers/STM32F3xx_HAL_Driver/Src/stm32f3xx_hal_pcd_ex.c **** 
 260:Drivers/STM32F3xx_HAL_Driver/Src/stm32f3xx_hal_pcd_ex.c ****   for (i = n; i != 0U; i--)
 261:Drivers/STM32F3xx_HAL_Driver/Src/stm32f3xx_hal_pcd_ex.c ****   {
 262:Drivers/STM32F3xx_HAL_Driver/Src/stm32f3xx_hal_pcd_ex.c ****     temp = *pdwVal++;
 263:Drivers/STM32F3xx_HAL_Driver/Src/stm32f3xx_hal_pcd_ex.c ****     *pbUsrBuf++ = ((temp >> 0) & 0xFF);
 264:Drivers/STM32F3xx_HAL_Driver/Src/stm32f3xx_hal_pcd_ex.c ****     *pbUsrBuf++ = ((temp >> 8) & 0xFF);
 265:Drivers/STM32F3xx_HAL_Driver/Src/stm32f3xx_hal_pcd_ex.c ****   }
 266:Drivers/STM32F3xx_HAL_Driver/Src/stm32f3xx_hal_pcd_ex.c **** 
 267:Drivers/STM32F3xx_HAL_Driver/Src/stm32f3xx_hal_pcd_ex.c ****   if (wNBytes % 2)
 268:Drivers/STM32F3xx_HAL_Driver/Src/stm32f3xx_hal_pcd_ex.c ****   {
 269:Drivers/STM32F3xx_HAL_Driver/Src/stm32f3xx_hal_pcd_ex.c ****     temp = *pdwVal++;
 270:Drivers/STM32F3xx_HAL_Driver/Src/stm32f3xx_hal_pcd_ex.c ****     *pbUsrBuf++ = ((temp >> 0) & 0xFF);
 271:Drivers/STM32F3xx_HAL_Driver/Src/stm32f3xx_hal_pcd_ex.c ****   }
 272:Drivers/STM32F3xx_HAL_Driver/Src/stm32f3xx_hal_pcd_ex.c **** }
 273:Drivers/STM32F3xx_HAL_Driver/Src/stm32f3xx_hal_pcd_ex.c **** #endif /* STM32F302xE || STM32F303xE || */
 274:Drivers/STM32F3xx_HAL_Driver/Src/stm32f3xx_hal_pcd_ex.c ****        /* STM32F302xC                || */
ARM GAS  /tmp/cc3CswsF.s 			page 10


 275:Drivers/STM32F3xx_HAL_Driver/Src/stm32f3xx_hal_pcd_ex.c ****        /* STM32F302x8                   */
 276:Drivers/STM32F3xx_HAL_Driver/Src/stm32f3xx_hal_pcd_ex.c **** 
 277:Drivers/STM32F3xx_HAL_Driver/Src/stm32f3xx_hal_pcd_ex.c **** /**
 278:Drivers/STM32F3xx_HAL_Driver/Src/stm32f3xx_hal_pcd_ex.c ****   * @}
 279:Drivers/STM32F3xx_HAL_Driver/Src/stm32f3xx_hal_pcd_ex.c ****   */ 
 280:Drivers/STM32F3xx_HAL_Driver/Src/stm32f3xx_hal_pcd_ex.c **** 
 281:Drivers/STM32F3xx_HAL_Driver/Src/stm32f3xx_hal_pcd_ex.c **** /** @addtogroup PCDEx_Exported_Functions PCDEx Exported Functions
 282:Drivers/STM32F3xx_HAL_Driver/Src/stm32f3xx_hal_pcd_ex.c ****   * @{
 283:Drivers/STM32F3xx_HAL_Driver/Src/stm32f3xx_hal_pcd_ex.c ****   */
 284:Drivers/STM32F3xx_HAL_Driver/Src/stm32f3xx_hal_pcd_ex.c **** 
 285:Drivers/STM32F3xx_HAL_Driver/Src/stm32f3xx_hal_pcd_ex.c **** /** @addtogroup PCDEx_Exported_Functions_Group2 Extended Initialization and de-initialization funct
 286:Drivers/STM32F3xx_HAL_Driver/Src/stm32f3xx_hal_pcd_ex.c ****   * @{
 287:Drivers/STM32F3xx_HAL_Driver/Src/stm32f3xx_hal_pcd_ex.c ****   */
 288:Drivers/STM32F3xx_HAL_Driver/Src/stm32f3xx_hal_pcd_ex.c **** /**
 289:Drivers/STM32F3xx_HAL_Driver/Src/stm32f3xx_hal_pcd_ex.c ****   * @brief  Software Device Connection
 290:Drivers/STM32F3xx_HAL_Driver/Src/stm32f3xx_hal_pcd_ex.c ****   * @param  hpcd PCD handle
 291:Drivers/STM32F3xx_HAL_Driver/Src/stm32f3xx_hal_pcd_ex.c ****   * @param  state Device state
 292:Drivers/STM32F3xx_HAL_Driver/Src/stm32f3xx_hal_pcd_ex.c ****   * @retval None
 293:Drivers/STM32F3xx_HAL_Driver/Src/stm32f3xx_hal_pcd_ex.c ****   */
 294:Drivers/STM32F3xx_HAL_Driver/Src/stm32f3xx_hal_pcd_ex.c ****  __weak void HAL_PCDEx_SetConnectionState(PCD_HandleTypeDef *hpcd, uint8_t state)
 295:Drivers/STM32F3xx_HAL_Driver/Src/stm32f3xx_hal_pcd_ex.c **** {
 243              		.loc 1 295 0
 244              		.cfi_startproc
 245              		@ args = 0, pretend = 0, frame = 0
 246              		@ frame_needed = 0, uses_anonymous_args = 0
 247              		@ link register save eliminated.
 248              	.LVL36:
 249 0000 7047     		bx	lr
 250              		.cfi_endproc
 251              	.LFE127:
 253 0002 00BF     		.text
 254              	.Letext0:
 255              		.file 2 "/opt/gcc-arm-none-eabi-5_4-2016q3/arm-none-eabi/include/machine/_default_types.h"
 256              		.file 3 "/opt/gcc-arm-none-eabi-5_4-2016q3/arm-none-eabi/include/sys/_stdint.h"
 257              		.file 4 "Drivers/CMSIS/Device/ST/STM32F3xx/Include/stm32f303xc.h"
 258              		.file 5 "Drivers/STM32F3xx_HAL_Driver/Inc/stm32f3xx_hal_def.h"
 259              		.file 6 "Drivers/STM32F3xx_HAL_Driver/Inc/stm32f3xx_hal_pcd.h"
 260              		.file 7 "Drivers/CMSIS/Include/core_cm4.h"
ARM GAS  /tmp/cc3CswsF.s 			page 11


DEFINED SYMBOLS
                            *ABS*:00000000 stm32f3xx_hal_pcd_ex.c
     /tmp/cc3CswsF.s:22     .text.HAL_PCDEx_PMAConfig:00000000 $t
     /tmp/cc3CswsF.s:27     .text.HAL_PCDEx_PMAConfig:00000000 HAL_PCDEx_PMAConfig
     /tmp/cc3CswsF.s:98     .text.PCD_WritePMA:00000000 $t
     /tmp/cc3CswsF.s:103    .text.PCD_WritePMA:00000000 PCD_WritePMA
     /tmp/cc3CswsF.s:159    .text.PCD_ReadPMA:00000000 $t
     /tmp/cc3CswsF.s:164    .text.PCD_ReadPMA:00000000 PCD_ReadPMA
     /tmp/cc3CswsF.s:236    .text.HAL_PCDEx_SetConnectionState:00000000 $t
     /tmp/cc3CswsF.s:241    .text.HAL_PCDEx_SetConnectionState:00000000 HAL_PCDEx_SetConnectionState
                     .debug_frame:00000010 $d

NO UNDEFINED SYMBOLS
