ARM GAS  /tmp/ccqPGIdz.s 			page 1


   1              		.syntax unified
   2              		.cpu cortex-m4
   3              		.eabi_attribute 27, 1
   4              		.eabi_attribute 28, 1
   5              		.fpu fpv4-sp-d16
   6              		.eabi_attribute 20, 1
   7              		.eabi_attribute 21, 1
   8              		.eabi_attribute 23, 3
   9              		.eabi_attribute 24, 1
  10              		.eabi_attribute 25, 1
  11              		.eabi_attribute 26, 1
  12              		.eabi_attribute 30, 1
  13              		.eabi_attribute 34, 1
  14              		.eabi_attribute 18, 4
  15              		.thumb
  16              		.syntax unified
  17              		.file	"usart.c"
  18              		.text
  19              	.Ltext0:
  20              		.cfi_sections	.debug_frame
  21              		.section	.text.MX_DMA_Init,"ax",%progbits
  22              		.align	2
  23              		.global	MX_DMA_Init
  24              		.thumb
  25              		.thumb_func
  27              	MX_DMA_Init:
  28              	.LFB124:
  29              		.file 1 "Src/usart.c"
   1:Src/usart.c   **** /* Includes ------------------------------------------------------------------*/
   2:Src/usart.c   **** #include "usart.h"
   3:Src/usart.c   **** 
   4:Src/usart.c   **** #include "gpio.h"
   5:Src/usart.c   **** 
   6:Src/usart.c   **** /* USER CODE BEGIN 0 */
   7:Src/usart.c   **** 
   8:Src/usart.c   **** /* USER CODE END 0 */
   9:Src/usart.c   **** 
  10:Src/usart.c   **** UART_HandleTypeDef huart5;
  11:Src/usart.c   **** UART_HandleTypeDef huart4;
  12:Src/usart.c   **** UART_HandleTypeDef huart2;
  13:Src/usart.c   **** UART_HandleTypeDef huart3;
  14:Src/usart.c   **** 
  15:Src/usart.c   **** void MX_DMA_Init(void)
  16:Src/usart.c   **** {
  30              		.loc 1 16 0
  31              		.cfi_startproc
  32              		@ args = 0, pretend = 0, frame = 8
  33              		@ frame_needed = 0, uses_anonymous_args = 0
  34 0000 00B5     		push	{lr}
  35              	.LCFI0:
  36              		.cfi_def_cfa_offset 4
  37              		.cfi_offset 14, -4
  38 0002 83B0     		sub	sp, sp, #12
  39              	.LCFI1:
  40              		.cfi_def_cfa_offset 16
  41              	.LBB2:
  17:Src/usart.c   ****   /* DMA controller clock enable */
ARM GAS  /tmp/ccqPGIdz.s 			page 2


  18:Src/usart.c   ****   __HAL_RCC_DMA1_CLK_ENABLE();
  42              		.loc 1 18 0
  43 0004 0E4B     		ldr	r3, .L3
  44 0006 5A69     		ldr	r2, [r3, #20]
  45 0008 42F00102 		orr	r2, r2, #1
  46 000c 5A61     		str	r2, [r3, #20]
  47 000e 5B69     		ldr	r3, [r3, #20]
  48 0010 03F00103 		and	r3, r3, #1
  49 0014 0193     		str	r3, [sp, #4]
  50 0016 019B     		ldr	r3, [sp, #4]
  51              	.LBE2:
  19:Src/usart.c   **** 
  20:Src/usart.c   ****   /* DMA interrupt init */
  21:Src/usart.c   ****   /* DMA1_Channel6_IRQn interrupt configuration */
  22:Src/usart.c   ****   HAL_NVIC_SetPriority(DMA1_Channel6_IRQn, 5, 0);
  52              		.loc 1 22 0
  53 0018 0022     		movs	r2, #0
  54 001a 0521     		movs	r1, #5
  55 001c 1020     		movs	r0, #16
  56 001e FFF7FEFF 		bl	HAL_NVIC_SetPriority
  57              	.LVL0:
  23:Src/usart.c   ****   HAL_NVIC_EnableIRQ(DMA1_Channel6_IRQn);
  58              		.loc 1 23 0
  59 0022 1020     		movs	r0, #16
  60 0024 FFF7FEFF 		bl	HAL_NVIC_EnableIRQ
  61              	.LVL1:
  24:Src/usart.c   ****   /* DMA1_Channel7_IRQn interrupt configuration */
  25:Src/usart.c   ****   HAL_NVIC_SetPriority(DMA1_Channel7_IRQn, 5, 0);
  62              		.loc 1 25 0
  63 0028 0022     		movs	r2, #0
  64 002a 0521     		movs	r1, #5
  65 002c 1120     		movs	r0, #17
  66 002e FFF7FEFF 		bl	HAL_NVIC_SetPriority
  67              	.LVL2:
  26:Src/usart.c   ****   HAL_NVIC_EnableIRQ(DMA1_Channel7_IRQn);
  68              		.loc 1 26 0
  69 0032 1120     		movs	r0, #17
  70 0034 FFF7FEFF 		bl	HAL_NVIC_EnableIRQ
  71              	.LVL3:
  27:Src/usart.c   **** 
  28:Src/usart.c   **** }
  72              		.loc 1 28 0
  73 0038 03B0     		add	sp, sp, #12
  74              	.LCFI2:
  75              		.cfi_def_cfa_offset 4
  76              		@ sp needed
  77 003a 5DF804FB 		ldr	pc, [sp], #4
  78              	.L4:
  79 003e 00BF     		.align	2
  80              	.L3:
  81 0040 00100240 		.word	1073876992
  82              		.cfi_endproc
  83              	.LFE124:
  85              		.section	.text.MX_UART4_Init,"ax",%progbits
  86              		.align	2
  87              		.global	MX_UART4_Init
  88              		.thumb
ARM GAS  /tmp/ccqPGIdz.s 			page 3


  89              		.thumb_func
  91              	MX_UART4_Init:
  92              	.LFB125:
  29:Src/usart.c   **** 
  30:Src/usart.c   **** void MX_UART4_Init(void){
  93              		.loc 1 30 0
  94              		.cfi_startproc
  95              		@ args = 0, pretend = 0, frame = 0
  96              		@ frame_needed = 0, uses_anonymous_args = 0
  97 0000 08B5     		push	{r3, lr}
  98              	.LCFI3:
  99              		.cfi_def_cfa_offset 8
 100              		.cfi_offset 3, -8
 101              		.cfi_offset 14, -4
  31:Src/usart.c   **** 
  32:Src/usart.c   ****   huart4.Instance = UART4;
 102              		.loc 1 32 0
 103 0002 0C48     		ldr	r0, .L8
 104 0004 0C4B     		ldr	r3, .L8+4
 105 0006 0360     		str	r3, [r0]
  33:Src/usart.c   ****   huart4.Init.BaudRate = 115200;
 106              		.loc 1 33 0
 107 0008 4FF4E133 		mov	r3, #115200
 108 000c 4360     		str	r3, [r0, #4]
  34:Src/usart.c   ****   huart4.Init.WordLength = UART_WORDLENGTH_8B;
 109              		.loc 1 34 0
 110 000e 0023     		movs	r3, #0
 111 0010 8360     		str	r3, [r0, #8]
  35:Src/usart.c   ****   huart4.Init.StopBits = UART_STOPBITS_1;
 112              		.loc 1 35 0
 113 0012 C360     		str	r3, [r0, #12]
  36:Src/usart.c   ****   huart4.Init.Parity = UART_PARITY_NONE;
 114              		.loc 1 36 0
 115 0014 0361     		str	r3, [r0, #16]
  37:Src/usart.c   ****   huart4.Init.Mode = UART_MODE_TX_RX;
 116              		.loc 1 37 0
 117 0016 0C22     		movs	r2, #12
 118 0018 4261     		str	r2, [r0, #20]
  38:Src/usart.c   ****   huart4.Init.HwFlowCtl = UART_HWCONTROL_NONE;
 119              		.loc 1 38 0
 120 001a 8361     		str	r3, [r0, #24]
  39:Src/usart.c   ****   huart4.Init.OverSampling = UART_OVERSAMPLING_16;
 121              		.loc 1 39 0
 122 001c C361     		str	r3, [r0, #28]
  40:Src/usart.c   ****   huart4.Init.OneBitSampling = UART_ONE_BIT_SAMPLE_DISABLE;
 123              		.loc 1 40 0
 124 001e 0362     		str	r3, [r0, #32]
  41:Src/usart.c   ****   huart4.AdvancedInit.AdvFeatureInit = UART_ADVFEATURE_NO_INIT;
 125              		.loc 1 41 0
 126 0020 4362     		str	r3, [r0, #36]
  42:Src/usart.c   ****   if (HAL_UART_Init(&huart4) != HAL_OK)
 127              		.loc 1 42 0
 128 0022 FFF7FEFF 		bl	HAL_UART_Init
 129              	.LVL4:
 130 0026 18B1     		cbz	r0, .L5
  43:Src/usart.c   ****   {
  44:Src/usart.c   ****     _Error_Handler(__FILE__, __LINE__);
ARM GAS  /tmp/ccqPGIdz.s 			page 4


 131              		.loc 1 44 0
 132 0028 2C21     		movs	r1, #44
 133 002a 0448     		ldr	r0, .L8+8
 134 002c FFF7FEFF 		bl	_Error_Handler
 135              	.LVL5:
 136              	.L5:
 137 0030 08BD     		pop	{r3, pc}
 138              	.L9:
 139 0032 00BF     		.align	2
 140              	.L8:
 141 0034 00000000 		.word	huart4
 142 0038 004C0040 		.word	1073761280
 143 003c 00000000 		.word	.LC0
 144              		.cfi_endproc
 145              	.LFE125:
 147              		.section	.text.MX_UART5_Init,"ax",%progbits
 148              		.align	2
 149              		.global	MX_UART5_Init
 150              		.thumb
 151              		.thumb_func
 153              	MX_UART5_Init:
 154              	.LFB126:
  45:Src/usart.c   ****   }
  46:Src/usart.c   **** 
  47:Src/usart.c   **** }
  48:Src/usart.c   **** 
  49:Src/usart.c   **** 
  50:Src/usart.c   **** void MX_UART5_Init(void)
  51:Src/usart.c   **** {
 155              		.loc 1 51 0
 156              		.cfi_startproc
 157              		@ args = 0, pretend = 0, frame = 0
 158              		@ frame_needed = 0, uses_anonymous_args = 0
 159 0000 08B5     		push	{r3, lr}
 160              	.LCFI4:
 161              		.cfi_def_cfa_offset 8
 162              		.cfi_offset 3, -8
 163              		.cfi_offset 14, -4
  52:Src/usart.c   **** 
  53:Src/usart.c   ****   huart5.Instance = UART5;
 164              		.loc 1 53 0
 165 0002 0C48     		ldr	r0, .L13
 166 0004 0C4B     		ldr	r3, .L13+4
 167 0006 0360     		str	r3, [r0]
  54:Src/usart.c   ****   huart5.Init.BaudRate = 115200;
 168              		.loc 1 54 0
 169 0008 4FF4E133 		mov	r3, #115200
 170 000c 4360     		str	r3, [r0, #4]
  55:Src/usart.c   ****   huart5.Init.WordLength = UART_WORDLENGTH_8B;
 171              		.loc 1 55 0
 172 000e 0023     		movs	r3, #0
 173 0010 8360     		str	r3, [r0, #8]
  56:Src/usart.c   ****   huart5.Init.StopBits = UART_STOPBITS_1;
 174              		.loc 1 56 0
 175 0012 C360     		str	r3, [r0, #12]
  57:Src/usart.c   ****   huart5.Init.Parity = UART_PARITY_NONE;
 176              		.loc 1 57 0
ARM GAS  /tmp/ccqPGIdz.s 			page 5


 177 0014 0361     		str	r3, [r0, #16]
  58:Src/usart.c   ****   huart5.Init.Mode = UART_MODE_TX_RX;
 178              		.loc 1 58 0
 179 0016 0C22     		movs	r2, #12
 180 0018 4261     		str	r2, [r0, #20]
  59:Src/usart.c   ****   huart5.Init.HwFlowCtl = UART_HWCONTROL_NONE;
 181              		.loc 1 59 0
 182 001a 8361     		str	r3, [r0, #24]
  60:Src/usart.c   ****   huart5.Init.OverSampling = UART_OVERSAMPLING_16;
 183              		.loc 1 60 0
 184 001c C361     		str	r3, [r0, #28]
  61:Src/usart.c   ****   huart5.Init.OneBitSampling = UART_ONE_BIT_SAMPLE_DISABLE;
 185              		.loc 1 61 0
 186 001e 0362     		str	r3, [r0, #32]
  62:Src/usart.c   ****   huart5.AdvancedInit.AdvFeatureInit = UART_ADVFEATURE_NO_INIT;
 187              		.loc 1 62 0
 188 0020 4362     		str	r3, [r0, #36]
  63:Src/usart.c   ****   if (HAL_UART_Init(&huart5) != HAL_OK)
 189              		.loc 1 63 0
 190 0022 FFF7FEFF 		bl	HAL_UART_Init
 191              	.LVL6:
 192 0026 18B1     		cbz	r0, .L10
  64:Src/usart.c   ****   {
  65:Src/usart.c   ****     _Error_Handler(__FILE__, __LINE__);
 193              		.loc 1 65 0
 194 0028 4121     		movs	r1, #65
 195 002a 0448     		ldr	r0, .L13+8
 196 002c FFF7FEFF 		bl	_Error_Handler
 197              	.LVL7:
 198              	.L10:
 199 0030 08BD     		pop	{r3, pc}
 200              	.L14:
 201 0032 00BF     		.align	2
 202              	.L13:
 203 0034 00000000 		.word	huart5
 204 0038 00500040 		.word	1073762304
 205 003c 00000000 		.word	.LC0
 206              		.cfi_endproc
 207              	.LFE126:
 209              		.section	.text.MX_USART2_UART_Init,"ax",%progbits
 210              		.align	2
 211              		.global	MX_USART2_UART_Init
 212              		.thumb
 213              		.thumb_func
 215              	MX_USART2_UART_Init:
 216              	.LFB127:
  66:Src/usart.c   ****   }
  67:Src/usart.c   **** 
  68:Src/usart.c   **** }
  69:Src/usart.c   **** 
  70:Src/usart.c   **** 
  71:Src/usart.c   **** void MX_USART2_UART_Init(void)
  72:Src/usart.c   **** {
 217              		.loc 1 72 0
 218              		.cfi_startproc
 219              		@ args = 0, pretend = 0, frame = 0
 220              		@ frame_needed = 0, uses_anonymous_args = 0
ARM GAS  /tmp/ccqPGIdz.s 			page 6


 221 0000 08B5     		push	{r3, lr}
 222              	.LCFI5:
 223              		.cfi_def_cfa_offset 8
 224              		.cfi_offset 3, -8
 225              		.cfi_offset 14, -4
  73:Src/usart.c   **** 
  74:Src/usart.c   ****   huart2.Instance = USART2;
 226              		.loc 1 74 0
 227 0002 0D48     		ldr	r0, .L18
 228 0004 0D4B     		ldr	r3, .L18+4
 229 0006 0360     		str	r3, [r0]
  75:Src/usart.c   ****   huart2.Init.BaudRate =19200;							//bits/s	before it was 38400
 230              		.loc 1 75 0
 231 0008 4FF49643 		mov	r3, #19200
 232 000c 4360     		str	r3, [r0, #4]
  76:Src/usart.c   ****   huart2.Init.WordLength = UART_WORDLENGTH_8B;
 233              		.loc 1 76 0
 234 000e 0021     		movs	r1, #0
 235 0010 8160     		str	r1, [r0, #8]
  77:Src/usart.c   ****   huart2.Init.StopBits = UART_STOPBITS_1;
 236              		.loc 1 77 0
 237 0012 C160     		str	r1, [r0, #12]
  78:Src/usart.c   ****   huart2.Init.Parity = UART_PARITY_NONE;
 238              		.loc 1 78 0
 239 0014 0161     		str	r1, [r0, #16]
  79:Src/usart.c   ****   huart2.Init.Mode = UART_MODE_TX_RX;
 240              		.loc 1 79 0
 241 0016 0C23     		movs	r3, #12
 242 0018 4361     		str	r3, [r0, #20]
  80:Src/usart.c   ****   huart2.Init.HwFlowCtl = UART_HWCONTROL_NONE;
 243              		.loc 1 80 0
 244 001a 8161     		str	r1, [r0, #24]
  81:Src/usart.c   ****   huart2.Init.OverSampling = UART_OVERSAMPLING_16;
 245              		.loc 1 81 0
 246 001c C161     		str	r1, [r0, #28]
  82:Src/usart.c   ****   huart2.Init.OneBitSampling = UART_ONE_BIT_SAMPLE_DISABLE;
 247              		.loc 1 82 0
 248 001e 0162     		str	r1, [r0, #32]
  83:Src/usart.c   ****   huart2.AdvancedInit.AdvFeatureInit = UART_ADVFEATURE_NO_INIT;
 249              		.loc 1 83 0
 250 0020 4162     		str	r1, [r0, #36]
  84:Src/usart.c   ****   //huart2.RxState = UART_STATE_ENABLE;
  85:Src/usart.c   **** 
  86:Src/usart.c   **** //  if (HAL_UART_Init(&huart2) != HAL_OK)
  87:Src/usart.c   **** //  {
  88:Src/usart.c   **** //    _Error_Handler(__FILE__, __LINE__);
  89:Src/usart.c   **** //  }
  90:Src/usart.c   ****   if (HAL_RS485Ex_Init(&huart2, UART_DE_POLARITY_HIGH, 0, 0) != HAL_OK)
 251              		.loc 1 90 0
 252 0022 0B46     		mov	r3, r1
 253 0024 0A46     		mov	r2, r1
 254 0026 FFF7FEFF 		bl	HAL_RS485Ex_Init
 255              	.LVL8:
 256 002a 18B1     		cbz	r0, .L15
  91:Src/usart.c   ****   {
  92:Src/usart.c   ****     _Error_Handler(__FILE__, __LINE__);
 257              		.loc 1 92 0
ARM GAS  /tmp/ccqPGIdz.s 			page 7


 258 002c 5C21     		movs	r1, #92
 259 002e 0448     		ldr	r0, .L18+8
 260 0030 FFF7FEFF 		bl	_Error_Handler
 261              	.LVL9:
 262              	.L15:
 263 0034 08BD     		pop	{r3, pc}
 264              	.L19:
 265 0036 00BF     		.align	2
 266              	.L18:
 267 0038 00000000 		.word	huart2
 268 003c 00440040 		.word	1073759232
 269 0040 00000000 		.word	.LC0
 270              		.cfi_endproc
 271              	.LFE127:
 273              		.section	.text.MX_USART3_UART_Init,"ax",%progbits
 274              		.align	2
 275              		.global	MX_USART3_UART_Init
 276              		.thumb
 277              		.thumb_func
 279              	MX_USART3_UART_Init:
 280              	.LFB128:
  93:Src/usart.c   ****   }
  94:Src/usart.c   **** 
  95:Src/usart.c   **** }
  96:Src/usart.c   **** 
  97:Src/usart.c   **** 
  98:Src/usart.c   **** void MX_USART3_UART_Init(void)
  99:Src/usart.c   **** {
 281              		.loc 1 99 0
 282              		.cfi_startproc
 283              		@ args = 0, pretend = 0, frame = 0
 284              		@ frame_needed = 0, uses_anonymous_args = 0
 285 0000 08B5     		push	{r3, lr}
 286              	.LCFI6:
 287              		.cfi_def_cfa_offset 8
 288              		.cfi_offset 3, -8
 289              		.cfi_offset 14, -4
 100:Src/usart.c   **** 
 101:Src/usart.c   ****   huart3.Instance = USART3;
 290              		.loc 1 101 0
 291 0002 0C48     		ldr	r0, .L23
 292 0004 0C4B     		ldr	r3, .L23+4
 293 0006 0360     		str	r3, [r0]
 102:Src/usart.c   ****   huart3.Init.BaudRate = 38400;
 294              		.loc 1 102 0
 295 0008 4FF41643 		mov	r3, #38400
 296 000c 4360     		str	r3, [r0, #4]
 103:Src/usart.c   ****   huart3.Init.WordLength = UART_WORDLENGTH_8B;
 297              		.loc 1 103 0
 298 000e 0023     		movs	r3, #0
 299 0010 8360     		str	r3, [r0, #8]
 104:Src/usart.c   ****   huart3.Init.StopBits = UART_STOPBITS_1;
 300              		.loc 1 104 0
 301 0012 C360     		str	r3, [r0, #12]
 105:Src/usart.c   ****   huart3.Init.Parity = UART_PARITY_NONE;
 302              		.loc 1 105 0
 303 0014 0361     		str	r3, [r0, #16]
ARM GAS  /tmp/ccqPGIdz.s 			page 8


 106:Src/usart.c   ****   huart3.Init.Mode = UART_MODE_TX_RX;
 304              		.loc 1 106 0
 305 0016 0C22     		movs	r2, #12
 306 0018 4261     		str	r2, [r0, #20]
 107:Src/usart.c   ****   huart3.Init.HwFlowCtl = UART_HWCONTROL_NONE;
 307              		.loc 1 107 0
 308 001a 8361     		str	r3, [r0, #24]
 108:Src/usart.c   ****   huart3.Init.OverSampling = UART_OVERSAMPLING_16;
 309              		.loc 1 108 0
 310 001c C361     		str	r3, [r0, #28]
 109:Src/usart.c   ****   huart3.Init.OneBitSampling = UART_ONE_BIT_SAMPLE_DISABLE;
 311              		.loc 1 109 0
 312 001e 0362     		str	r3, [r0, #32]
 110:Src/usart.c   ****   huart3.AdvancedInit.AdvFeatureInit = UART_ADVFEATURE_NO_INIT;
 313              		.loc 1 110 0
 314 0020 4362     		str	r3, [r0, #36]
 111:Src/usart.c   ****   if (HAL_UART_Init(&huart3) != HAL_OK)
 315              		.loc 1 111 0
 316 0022 FFF7FEFF 		bl	HAL_UART_Init
 317              	.LVL10:
 318 0026 18B1     		cbz	r0, .L20
 112:Src/usart.c   ****   {
 113:Src/usart.c   ****     _Error_Handler(__FILE__, __LINE__);
 319              		.loc 1 113 0
 320 0028 7121     		movs	r1, #113
 321 002a 0448     		ldr	r0, .L23+8
 322 002c FFF7FEFF 		bl	_Error_Handler
 323              	.LVL11:
 324              	.L20:
 325 0030 08BD     		pop	{r3, pc}
 326              	.L24:
 327 0032 00BF     		.align	2
 328              	.L23:
 329 0034 00000000 		.word	huart3
 330 0038 00480040 		.word	1073760256
 331 003c 00000000 		.word	.LC0
 332              		.cfi_endproc
 333              	.LFE128:
 335              		.comm	huart3,112,4
 336              		.comm	huart2,112,4
 337              		.comm	huart4,112,4
 338              		.comm	huart5,112,4
 339              		.comm	DMA_Sensor_TxComplete,1,1
 340              		.comm	DMA_Sensor_RxComplete,1,1
 341              		.comm	DMA_Bluetooth_TxComplete,1,1
 342              		.comm	DMA_Bluetooth_RxComplete,1,1
 343              		.section	.rodata.str1.4,"aMS",%progbits,1
 344              		.align	2
 345              	.LC0:
 346 0000 5372632F 		.ascii	"Src/usart.c\000"
 346      75736172 
 346      742E6300 
 347              		.text
 348              	.Letext0:
 349              		.file 2 "/opt/gcc-arm-none-eabi-5_4-2016q3/arm-none-eabi/include/machine/_default_types.h"
 350              		.file 3 "/opt/gcc-arm-none-eabi-5_4-2016q3/arm-none-eabi/include/sys/_stdint.h"
 351              		.file 4 "Drivers/CMSIS/Device/ST/STM32F3xx/Include/stm32f303xc.h"
ARM GAS  /tmp/ccqPGIdz.s 			page 9


 352              		.file 5 "Drivers/STM32F3xx_HAL_Driver/Inc/stm32f3xx_hal_def.h"
 353              		.file 6 "Drivers/STM32F3xx_HAL_Driver/Inc/stm32f3xx_hal_dma.h"
 354              		.file 7 "Drivers/STM32F3xx_HAL_Driver/Inc/stm32f3xx_hal_uart.h"
 355              		.file 8 "Drivers/CMSIS/Include/core_cm4.h"
 356              		.file 9 "Inc/usart.h"
 357              		.file 10 "Drivers/STM32F3xx_HAL_Driver/Inc/stm32f3xx_hal_cortex.h"
 358              		.file 11 "Inc/main.h"
 359              		.file 12 "Drivers/STM32F3xx_HAL_Driver/Inc/stm32f3xx_hal_uart_ex.h"
ARM GAS  /tmp/ccqPGIdz.s 			page 10


DEFINED SYMBOLS
                            *ABS*:00000000 usart.c
     /tmp/ccqPGIdz.s:22     .text.MX_DMA_Init:00000000 $t
     /tmp/ccqPGIdz.s:27     .text.MX_DMA_Init:00000000 MX_DMA_Init
     /tmp/ccqPGIdz.s:81     .text.MX_DMA_Init:00000040 $d
     /tmp/ccqPGIdz.s:86     .text.MX_UART4_Init:00000000 $t
     /tmp/ccqPGIdz.s:91     .text.MX_UART4_Init:00000000 MX_UART4_Init
     /tmp/ccqPGIdz.s:141    .text.MX_UART4_Init:00000034 $d
                            *COM*:00000070 huart4
     /tmp/ccqPGIdz.s:148    .text.MX_UART5_Init:00000000 $t
     /tmp/ccqPGIdz.s:153    .text.MX_UART5_Init:00000000 MX_UART5_Init
     /tmp/ccqPGIdz.s:203    .text.MX_UART5_Init:00000034 $d
                            *COM*:00000070 huart5
     /tmp/ccqPGIdz.s:210    .text.MX_USART2_UART_Init:00000000 $t
     /tmp/ccqPGIdz.s:215    .text.MX_USART2_UART_Init:00000000 MX_USART2_UART_Init
     /tmp/ccqPGIdz.s:267    .text.MX_USART2_UART_Init:00000038 $d
                            *COM*:00000070 huart2
     /tmp/ccqPGIdz.s:274    .text.MX_USART3_UART_Init:00000000 $t
     /tmp/ccqPGIdz.s:279    .text.MX_USART3_UART_Init:00000000 MX_USART3_UART_Init
     /tmp/ccqPGIdz.s:329    .text.MX_USART3_UART_Init:00000034 $d
                            *COM*:00000070 huart3
                            *COM*:00000001 DMA_Sensor_TxComplete
                            *COM*:00000001 DMA_Sensor_RxComplete
                            *COM*:00000001 DMA_Bluetooth_TxComplete
                            *COM*:00000001 DMA_Bluetooth_RxComplete
     /tmp/ccqPGIdz.s:344    .rodata.str1.4:00000000 $d
                     .debug_frame:00000010 $d

UNDEFINED SYMBOLS
HAL_NVIC_SetPriority
HAL_NVIC_EnableIRQ
HAL_UART_Init
_Error_Handler
HAL_RS485Ex_Init
